{
  "/Users/jmedina/turing/3module/deadstock/src/components/MUI/Drawer.js": {
    "path": "/Users/jmedina/turing/3module/deadstock/src/components/MUI/Drawer.js",
    "statementMap": {
      "0": {
        "start": {
          "line": 7,
          "column": 31
        },
        "end": {
          "line": 86,
          "column": 1
        }
      },
      "1": {
        "start": {
          "line": 8,
          "column": 28
        },
        "end": {
          "line": 10,
          "column": 4
        }
      },
      "2": {
        "start": {
          "line": 11,
          "column": 37
        },
        "end": {
          "line": 11,
          "column": 46
        }
      },
      "3": {
        "start": {
          "line": 12,
          "column": 19
        },
        "end": {
          "line": 18,
          "column": 3
        }
      },
      "4": {
        "start": {
          "line": 13,
          "column": 4
        },
        "end": {
          "line": 17,
          "column": 52
        }
      },
      "5": {
        "start": {
          "line": 20,
          "column": 23
        },
        "end": {
          "line": 29,
          "column": 3
        }
      },
      "6": {
        "start": {
          "line": 20,
          "column": 41
        },
        "end": {
          "line": 29,
          "column": 3
        }
      },
      "7": {
        "start": {
          "line": 21,
          "column": 4
        },
        "end": {
          "line": 26,
          "column": 5
        }
      },
      "8": {
        "start": {
          "line": 25,
          "column": 6
        },
        "end": {
          "line": 25,
          "column": 13
        }
      },
      "9": {
        "start": {
          "line": 28,
          "column": 4
        },
        "end": {
          "line": 28,
          "column": 43
        }
      },
      "10": {
        "start": {
          "line": 31,
          "column": 15
        },
        "end": {
          "line": 66,
          "column": 3
        }
      },
      "11": {
        "start": {
          "line": 32,
          "column": 4
        },
        "end": {
          "line": 65,
          "column": 10
        }
      },
      "12": {
        "start": {
          "line": 68,
          "column": 2
        },
        "end": {
          "line": 85,
          "column": 4
        }
      }
    },
    "fnMap": {
      "0": {
        "name": "(anonymous_0)",
        "decl": {
          "start": {
            "line": 7,
            "column": 31
          },
          "end": {
            "line": 7,
            "column": 32
          }
        },
        "loc": {
          "start": {
            "line": 7,
            "column": 61
          },
          "end": {
            "line": 86,
            "column": 1
          }
        },
        "line": 7
      },
      "1": {
        "name": "(anonymous_1)",
        "decl": {
          "start": {
            "line": 12,
            "column": 19
          },
          "end": {
            "line": 12,
            "column": 20
          }
        },
        "loc": {
          "start": {
            "line": 12,
            "column": 33
          },
          "end": {
            "line": 18,
            "column": 3
          }
        },
        "line": 12
      },
      "2": {
        "name": "(anonymous_2)",
        "decl": {
          "start": {
            "line": 20,
            "column": 23
          },
          "end": {
            "line": 20,
            "column": 24
          }
        },
        "loc": {
          "start": {
            "line": 20,
            "column": 41
          },
          "end": {
            "line": 29,
            "column": 3
          }
        },
        "line": 20
      },
      "3": {
        "name": "(anonymous_3)",
        "decl": {
          "start": {
            "line": 20,
            "column": 41
          },
          "end": {
            "line": 20,
            "column": 42
          }
        },
        "loc": {
          "start": {
            "line": 20,
            "column": 52
          },
          "end": {
            "line": 29,
            "column": 3
          }
        },
        "line": 20
      },
      "4": {
        "name": "(anonymous_4)",
        "decl": {
          "start": {
            "line": 31,
            "column": 15
          },
          "end": {
            "line": 31,
            "column": 16
          }
        },
        "loc": {
          "start": {
            "line": 32,
            "column": 4
          },
          "end": {
            "line": 65,
            "column": 10
          }
        },
        "line": 32
      }
    },
    "branchMap": {
      "0": {
        "loc": {
          "start": {
            "line": 21,
            "column": 4
          },
          "end": {
            "line": 26,
            "column": 5
          }
        },
        "type": "if",
        "locations": [
          {
            "start": {
              "line": 21,
              "column": 4
            },
            "end": {
              "line": 26,
              "column": 5
            }
          },
          {
            "start": {
              "line": 21,
              "column": 4
            },
            "end": {
              "line": 26,
              "column": 5
            }
          }
        ],
        "line": 21
      },
      "1": {
        "loc": {
          "start": {
            "line": 22,
            "column": 6
          },
          "end": {
            "line": 23,
            "column": 52
          }
        },
        "type": "binary-expr",
        "locations": [
          {
            "start": {
              "line": 22,
              "column": 6
            },
            "end": {
              "line": 22,
              "column": 30
            }
          },
          {
            "start": {
              "line": 23,
              "column": 7
            },
            "end": {
              "line": 23,
              "column": 26
            }
          },
          {
            "start": {
              "line": 23,
              "column": 30
            },
            "end": {
              "line": 23,
              "column": 51
            }
          }
        ],
        "line": 22
      }
    },
    "s": {
      "0": 7,
      "1": 4,
      "2": 4,
      "3": 4,
      "4": 0,
      "5": 4,
      "6": 8,
      "7": 0,
      "8": 0,
      "9": 0,
      "10": 4,
      "11": 4,
      "12": 4
    },
    "f": {
      "0": 4,
      "1": 0,
      "2": 8,
      "3": 0,
      "4": 4
    },
    "b": {
      "0": [
        0,
        0
      ],
      "1": [
        0,
        0,
        0
      ]
    },
    "_coverageSchema": "1a1c01bbd47fc00a2c39e90264f33305004495a9",
    "hash": "6ef72cf8c3b98d639a378b11dbaae05b1c28d065"
  },
  "/Users/jmedina/turing/3module/deadstock/src/utils/formatData.js": {
    "path": "/Users/jmedina/turing/3module/deadstock/src/utils/formatData.js",
    "statementMap": {
      "0": {
        "start": {
          "line": 3,
          "column": 26
        },
        "end": {
          "line": 38,
          "column": 1
        }
      },
      "1": {
        "start": {
          "line": 17,
          "column": 6
        },
        "end": {
          "line": 17,
          "column": 10
        }
      },
      "2": {
        "start": {
          "line": 19,
          "column": 2
        },
        "end": {
          "line": 37,
          "column": 4
        }
      },
      "3": {
        "start": {
          "line": 21,
          "column": 6
        },
        "end": {
          "line": 21,
          "column": 26
        }
      }
    },
    "fnMap": {
      "0": {
        "name": "(anonymous_0)",
        "decl": {
          "start": {
            "line": 3,
            "column": 26
          },
          "end": {
            "line": 3,
            "column": 27
          }
        },
        "loc": {
          "start": {
            "line": 3,
            "column": 36
          },
          "end": {
            "line": 38,
            "column": 1
          }
        },
        "line": 3
      },
      "1": {
        "name": "(anonymous_1)",
        "decl": {
          "start": {
            "line": 20,
            "column": 49
          },
          "end": {
            "line": 20,
            "column": 50
          }
        },
        "loc": {
          "start": {
            "line": 21,
            "column": 6
          },
          "end": {
            "line": 21,
            "column": 26
          }
        },
        "line": 21
      }
    },
    "branchMap": {
      "0": {
        "loc": {
          "start": {
            "line": 23,
            "column": 11
          },
          "end": {
            "line": 23,
            "column": 25
          }
        },
        "type": "binary-expr",
        "locations": [
          {
            "start": {
              "line": 23,
              "column": 11
            },
            "end": {
              "line": 23,
              "column": 16
            }
          },
          {
            "start": {
              "line": 23,
              "column": 20
            },
            "end": {
              "line": 23,
              "column": 25
            }
          }
        ],
        "line": 23
      },
      "1": {
        "loc": {
          "start": {
            "line": 24,
            "column": 10
          },
          "end": {
            "line": 24,
            "column": 54
          }
        },
        "type": "binary-expr",
        "locations": [
          {
            "start": {
              "line": 24,
              "column": 10
            },
            "end": {
              "line": 24,
              "column": 14
            }
          },
          {
            "start": {
              "line": 24,
              "column": 18
            },
            "end": {
              "line": 24,
              "column": 54
            }
          }
        ],
        "line": 24
      },
      "2": {
        "loc": {
          "start": {
            "line": 26,
            "column": 6
          },
          "end": {
            "line": 28,
            "column": 41
          }
        },
        "type": "cond-expr",
        "locations": [
          {
            "start": {
              "line": 27,
              "column": 10
            },
            "end": {
              "line": 27,
              "column": 30
            }
          },
          {
            "start": {
              "line": 28,
              "column": 10
            },
            "end": {
              "line": 28,
              "column": 41
            }
          }
        ],
        "line": 26
      },
      "3": {
        "loc": {
          "start": {
            "line": 32,
            "column": 14
          },
          "end": {
            "line": 32,
            "column": 27
          }
        },
        "type": "binary-expr",
        "locations": [
          {
            "start": {
              "line": 32,
              "column": 14
            },
            "end": {
              "line": 32,
              "column": 22
            }
          },
          {
            "start": {
              "line": 32,
              "column": 26
            },
            "end": {
              "line": 32,
              "column": 27
            }
          }
        ],
        "line": 32
      },
      "4": {
        "loc": {
          "start": {
            "line": 33,
            "column": 13
          },
          "end": {
            "line": 33,
            "column": 60
          }
        },
        "type": "binary-expr",
        "locations": [
          {
            "start": {
              "line": 33,
              "column": 13
            },
            "end": {
              "line": 33,
              "column": 20
            }
          },
          {
            "start": {
              "line": 33,
              "column": 24
            },
            "end": {
              "line": 33,
              "column": 60
            }
          }
        ],
        "line": 33
      },
      "5": {
        "loc": {
          "start": {
            "line": 35,
            "column": 9
          },
          "end": {
            "line": 35,
            "column": 23
          }
        },
        "type": "binary-expr",
        "locations": [
          {
            "start": {
              "line": 35,
              "column": 9
            },
            "end": {
              "line": 35,
              "column": 12
            }
          },
          {
            "start": {
              "line": 35,
              "column": 16
            },
            "end": {
              "line": 35,
              "column": 23
            }
          }
        ],
        "line": 35
      }
    },
    "s": {
      "0": 7,
      "1": 112,
      "2": 112,
      "3": 686
    },
    "f": {
      "0": 112,
      "1": 686
    },
    "b": {
      "0": [
        112,
        0
      ],
      "1": [
        112,
        0
      ],
      "2": [
        42,
        70
      ],
      "3": [
        112,
        0
      ],
      "4": [
        112,
        0
      ],
      "5": [
        112,
        0
      ]
    },
    "_coverageSchema": "1a1c01bbd47fc00a2c39e90264f33305004495a9",
    "hash": "2086ab29ba0560bc858acbcfebafd869249160dd"
  },
  "/Users/jmedina/turing/3module/deadstock/src/components/DetailedView/DetailedView.js": {
    "path": "/Users/jmedina/turing/3module/deadstock/src/components/DetailedView/DetailedView.js",
    "statementMap": {
      "0": {
        "start": {
          "line": 7,
          "column": 21
        },
        "end": {
          "line": 41,
          "column": 1
        }
      },
      "1": {
        "start": {
          "line": 20,
          "column": 6
        },
        "end": {
          "line": 20,
          "column": 22
        }
      },
      "2": {
        "start": {
          "line": 22,
          "column": 2
        },
        "end": {
          "line": 40,
          "column": 4
        }
      },
      "3": {
        "start": {
          "line": 45,
          "column": 0
        },
        "end": {
          "line": 58,
          "column": 2
        }
      }
    },
    "fnMap": {
      "0": {
        "name": "(anonymous_0)",
        "decl": {
          "start": {
            "line": 7,
            "column": 21
          },
          "end": {
            "line": 7,
            "column": 22
          }
        },
        "loc": {
          "start": {
            "line": 7,
            "column": 35
          },
          "end": {
            "line": 41,
            "column": 1
          }
        },
        "line": 7
      }
    },
    "branchMap": {},
    "s": {
      "0": 7,
      "1": 4,
      "2": 4,
      "3": 7
    },
    "f": {
      "0": 4
    },
    "b": {},
    "_coverageSchema": "1a1c01bbd47fc00a2c39e90264f33305004495a9",
    "hash": "1f83da28c884ca22c223386b3c84ccd0595cfc94"
  },
  "/Users/jmedina/turing/3module/deadstock/src/components/MUI/Modal.js": {
    "path": "/Users/jmedina/turing/3module/deadstock/src/components/MUI/Modal.js",
    "statementMap": {
      "0": {
        "start": {
          "line": 7,
          "column": 14
        },
        "end": {
          "line": 17,
          "column": 1
        }
      },
      "1": {
        "start": {
          "line": 19,
          "column": 26
        },
        "end": {
          "line": 37,
          "column": 1
        }
      },
      "2": {
        "start": {
          "line": 20,
          "column": 26
        },
        "end": {
          "line": 20,
          "column": 47
        }
      },
      "3": {
        "start": {
          "line": 21,
          "column": 21
        },
        "end": {
          "line": 21,
          "column": 40
        }
      },
      "4": {
        "start": {
          "line": 21,
          "column": 27
        },
        "end": {
          "line": 21,
          "column": 40
        }
      },
      "5": {
        "start": {
          "line": 22,
          "column": 22
        },
        "end": {
          "line": 22,
          "column": 42
        }
      },
      "6": {
        "start": {
          "line": 22,
          "column": 28
        },
        "end": {
          "line": 22,
          "column": 42
        }
      },
      "7": {
        "start": {
          "line": 24,
          "column": 2
        },
        "end": {
          "line": 36,
          "column": 4
        }
      }
    },
    "fnMap": {
      "0": {
        "name": "(anonymous_0)",
        "decl": {
          "start": {
            "line": 19,
            "column": 26
          },
          "end": {
            "line": 19,
            "column": 27
          }
        },
        "loc": {
          "start": {
            "line": 19,
            "column": 43
          },
          "end": {
            "line": 37,
            "column": 1
          }
        },
        "line": 19
      },
      "1": {
        "name": "(anonymous_1)",
        "decl": {
          "start": {
            "line": 21,
            "column": 21
          },
          "end": {
            "line": 21,
            "column": 22
          }
        },
        "loc": {
          "start": {
            "line": 21,
            "column": 27
          },
          "end": {
            "line": 21,
            "column": 40
          }
        },
        "line": 21
      },
      "2": {
        "name": "(anonymous_2)",
        "decl": {
          "start": {
            "line": 22,
            "column": 22
          },
          "end": {
            "line": 22,
            "column": 23
          }
        },
        "loc": {
          "start": {
            "line": 22,
            "column": 28
          },
          "end": {
            "line": 22,
            "column": 42
          }
        },
        "line": 22
      }
    },
    "branchMap": {},
    "s": {
      "0": 7,
      "1": 7,
      "2": 96,
      "3": 96,
      "4": 0,
      "5": 96,
      "6": 0,
      "7": 96
    },
    "f": {
      "0": 96,
      "1": 0,
      "2": 0
    },
    "b": {},
    "_coverageSchema": "1a1c01bbd47fc00a2c39e90264f33305004495a9",
    "hash": "111632ffb9354b832f1998052caf361030829ca9"
  },
  "/Users/jmedina/turing/3module/deadstock/src/components/user components/PostForm/PostForm.js": {
    "path": "/Users/jmedina/turing/3module/deadstock/src/components/user components/PostForm/PostForm.js",
    "statementMap": {
      "0": {
        "start": {
          "line": 9,
          "column": 17
        },
        "end": {
          "line": 131,
          "column": 1
        }
      },
      "1": {
        "start": {
          "line": 10,
          "column": 29
        },
        "end": {
          "line": 14,
          "column": 4
        }
      },
      "2": {
        "start": {
          "line": 15,
          "column": 30
        },
        "end": {
          "line": 15,
          "column": 42
        }
      },
      "3": {
        "start": {
          "line": 17,
          "column": 23
        },
        "end": {
          "line": 20,
          "column": 3
        }
      },
      "4": {
        "start": {
          "line": 18,
          "column": 28
        },
        "end": {
          "line": 18,
          "column": 40
        }
      },
      "5": {
        "start": {
          "line": 19,
          "column": 4
        },
        "end": {
          "line": 19,
          "column": 43
        }
      },
      "6": {
        "start": {
          "line": 22,
          "column": 24
        },
        "end": {
          "line": 30,
          "column": 3
        }
      },
      "7": {
        "start": {
          "line": 23,
          "column": 28
        },
        "end": {
          "line": 23,
          "column": 40
        }
      },
      "8": {
        "start": {
          "line": 24,
          "column": 4
        },
        "end": {
          "line": 29,
          "column": 5
        }
      },
      "9": {
        "start": {
          "line": 25,
          "column": 18
        },
        "end": {
          "line": 25,
          "column": 39
        }
      },
      "10": {
        "start": {
          "line": 26,
          "column": 21
        },
        "end": {
          "line": 26,
          "column": 37
        }
      },
      "11": {
        "start": {
          "line": 27,
          "column": 6
        },
        "end": {
          "line": 27,
          "column": 75
        }
      },
      "12": {
        "start": {
          "line": 27,
          "column": 28
        },
        "end": {
          "line": 27,
          "column": 74
        }
      },
      "13": {
        "start": {
          "line": 28,
          "column": 6
        },
        "end": {
          "line": 28,
          "column": 32
        }
      },
      "14": {
        "start": {
          "line": 31,
          "column": 22
        },
        "end": {
          "line": 38,
          "column": 3
        }
      },
      "15": {
        "start": {
          "line": 32,
          "column": 4
        },
        "end": {
          "line": 37,
          "column": 5
        }
      },
      "16": {
        "start": {
          "line": 33,
          "column": 6
        },
        "end": {
          "line": 33,
          "column": 23
        }
      },
      "17": {
        "start": {
          "line": 34,
          "column": 6
        },
        "end": {
          "line": 34,
          "column": 26
        }
      },
      "18": {
        "start": {
          "line": 36,
          "column": 6
        },
        "end": {
          "line": 36,
          "column": 37
        }
      },
      "19": {
        "start": {
          "line": 40,
          "column": 2
        },
        "end": {
          "line": 130,
          "column": 4
        }
      },
      "20": {
        "start": {
          "line": 56,
          "column": 12
        },
        "end": {
          "line": 56,
          "column": 28
        }
      },
      "21": {
        "start": {
          "line": 67,
          "column": 12
        },
        "end": {
          "line": 67,
          "column": 28
        }
      },
      "22": {
        "start": {
          "line": 77,
          "column": 12
        },
        "end": {
          "line": 77,
          "column": 28
        }
      },
      "23": {
        "start": {
          "line": 87,
          "column": 12
        },
        "end": {
          "line": 87,
          "column": 28
        }
      },
      "24": {
        "start": {
          "line": 97,
          "column": 12
        },
        "end": {
          "line": 97,
          "column": 28
        }
      },
      "25": {
        "start": {
          "line": 107,
          "column": 12
        },
        "end": {
          "line": 107,
          "column": 28
        }
      },
      "26": {
        "start": {
          "line": 118,
          "column": 12
        },
        "end": {
          "line": 118,
          "column": 28
        }
      },
      "27": {
        "start": {
          "line": 135,
          "column": 0
        },
        "end": {
          "line": 137,
          "column": 2
        }
      }
    },
    "fnMap": {
      "0": {
        "name": "(anonymous_0)",
        "decl": {
          "start": {
            "line": 9,
            "column": 17
          },
          "end": {
            "line": 9,
            "column": 18
          }
        },
        "loc": {
          "start": {
            "line": 9,
            "column": 63
          },
          "end": {
            "line": 131,
            "column": 1
          }
        },
        "line": 9
      },
      "1": {
        "name": "(anonymous_1)",
        "decl": {
          "start": {
            "line": 17,
            "column": 23
          },
          "end": {
            "line": 17,
            "column": 24
          }
        },
        "loc": {
          "start": {
            "line": 17,
            "column": 34
          },
          "end": {
            "line": 20,
            "column": 3
          }
        },
        "line": 17
      },
      "2": {
        "name": "(anonymous_2)",
        "decl": {
          "start": {
            "line": 22,
            "column": 24
          },
          "end": {
            "line": 22,
            "column": 25
          }
        },
        "loc": {
          "start": {
            "line": 22,
            "column": 35
          },
          "end": {
            "line": 30,
            "column": 3
          }
        },
        "line": 22
      },
      "3": {
        "name": "(anonymous_3)",
        "decl": {
          "start": {
            "line": 27,
            "column": 22
          },
          "end": {
            "line": 27,
            "column": 23
          }
        },
        "loc": {
          "start": {
            "line": 27,
            "column": 28
          },
          "end": {
            "line": 27,
            "column": 74
          }
        },
        "line": 27
      },
      "4": {
        "name": "(anonymous_4)",
        "decl": {
          "start": {
            "line": 31,
            "column": 22
          },
          "end": {
            "line": 31,
            "column": 23
          }
        },
        "loc": {
          "start": {
            "line": 31,
            "column": 28
          },
          "end": {
            "line": 38,
            "column": 3
          }
        },
        "line": 31
      },
      "5": {
        "name": "(anonymous_5)",
        "decl": {
          "start": {
            "line": 55,
            "column": 20
          },
          "end": {
            "line": 55,
            "column": 21
          }
        },
        "loc": {
          "start": {
            "line": 55,
            "column": 27
          },
          "end": {
            "line": 57,
            "column": 11
          }
        },
        "line": 55
      },
      "6": {
        "name": "(anonymous_6)",
        "decl": {
          "start": {
            "line": 66,
            "column": 20
          },
          "end": {
            "line": 66,
            "column": 21
          }
        },
        "loc": {
          "start": {
            "line": 66,
            "column": 27
          },
          "end": {
            "line": 68,
            "column": 11
          }
        },
        "line": 66
      },
      "7": {
        "name": "(anonymous_7)",
        "decl": {
          "start": {
            "line": 76,
            "column": 20
          },
          "end": {
            "line": 76,
            "column": 21
          }
        },
        "loc": {
          "start": {
            "line": 76,
            "column": 27
          },
          "end": {
            "line": 78,
            "column": 11
          }
        },
        "line": 76
      },
      "8": {
        "name": "(anonymous_8)",
        "decl": {
          "start": {
            "line": 86,
            "column": 20
          },
          "end": {
            "line": 86,
            "column": 21
          }
        },
        "loc": {
          "start": {
            "line": 86,
            "column": 27
          },
          "end": {
            "line": 88,
            "column": 11
          }
        },
        "line": 86
      },
      "9": {
        "name": "(anonymous_9)",
        "decl": {
          "start": {
            "line": 96,
            "column": 20
          },
          "end": {
            "line": 96,
            "column": 21
          }
        },
        "loc": {
          "start": {
            "line": 96,
            "column": 27
          },
          "end": {
            "line": 98,
            "column": 11
          }
        },
        "line": 96
      },
      "10": {
        "name": "(anonymous_10)",
        "decl": {
          "start": {
            "line": 106,
            "column": 20
          },
          "end": {
            "line": 106,
            "column": 21
          }
        },
        "loc": {
          "start": {
            "line": 106,
            "column": 27
          },
          "end": {
            "line": 108,
            "column": 11
          }
        },
        "line": 106
      },
      "11": {
        "name": "(anonymous_11)",
        "decl": {
          "start": {
            "line": 117,
            "column": 20
          },
          "end": {
            "line": 117,
            "column": 21
          }
        },
        "loc": {
          "start": {
            "line": 117,
            "column": 27
          },
          "end": {
            "line": 119,
            "column": 11
          }
        },
        "line": 117
      }
    },
    "branchMap": {
      "0": {
        "loc": {
          "start": {
            "line": 24,
            "column": 4
          },
          "end": {
            "line": 29,
            "column": 5
          }
        },
        "type": "if",
        "locations": [
          {
            "start": {
              "line": 24,
              "column": 4
            },
            "end": {
              "line": 29,
              "column": 5
            }
          },
          {
            "start": {
              "line": 24,
              "column": 4
            },
            "end": {
              "line": 29,
              "column": 5
            }
          }
        ],
        "line": 24
      },
      "1": {
        "loc": {
          "start": {
            "line": 24,
            "column": 8
          },
          "end": {
            "line": 24,
            "column": 25
          }
        },
        "type": "binary-expr",
        "locations": [
          {
            "start": {
              "line": 24,
              "column": 8
            },
            "end": {
              "line": 24,
              "column": 13
            }
          },
          {
            "start": {
              "line": 24,
              "column": 17
            },
            "end": {
              "line": 24,
              "column": 25
            }
          }
        ],
        "line": 24
      },
      "2": {
        "loc": {
          "start": {
            "line": 32,
            "column": 4
          },
          "end": {
            "line": 37,
            "column": 5
          }
        },
        "type": "if",
        "locations": [
          {
            "start": {
              "line": 32,
              "column": 4
            },
            "end": {
              "line": 37,
              "column": 5
            }
          },
          {
            "start": {
              "line": 32,
              "column": 4
            },
            "end": {
              "line": 37,
              "column": 5
            }
          }
        ],
        "line": 32
      }
    },
    "s": {
      "0": 7,
      "1": 96,
      "2": 96,
      "3": 96,
      "4": 47,
      "5": 47,
      "6": 96,
      "7": 0,
      "8": 0,
      "9": 0,
      "10": 0,
      "11": 0,
      "12": 0,
      "13": 0,
      "14": 96,
      "15": 0,
      "16": 0,
      "17": 0,
      "18": 0,
      "19": 96,
      "20": 25,
      "21": 2,
      "22": 0,
      "23": 6,
      "24": 7,
      "25": 3,
      "26": 4,
      "27": 7
    },
    "f": {
      "0": 96,
      "1": 47,
      "2": 0,
      "3": 0,
      "4": 0,
      "5": 25,
      "6": 2,
      "7": 0,
      "8": 6,
      "9": 7,
      "10": 3,
      "11": 4
    },
    "b": {
      "0": [
        0,
        0
      ],
      "1": [
        0,
        0
      ],
      "2": [
        0,
        0
      ]
    },
    "_coverageSchema": "1a1c01bbd47fc00a2c39e90264f33305004495a9",
    "hash": "0a8b5139a40d5ae1a5f082815c7652b8be81429d"
  },
  "/Users/jmedina/turing/3module/deadstock/src/components/MiniPost/MiniPost.js": {
    "path": "/Users/jmedina/turing/3module/deadstock/src/components/MiniPost/MiniPost.js",
    "statementMap": {
      "0": {
        "start": {
          "line": 6,
          "column": 17
        },
        "end": {
          "line": 16,
          "column": 1
        }
      },
      "1": {
        "start": {
          "line": 7,
          "column": 2
        },
        "end": {
          "line": 15,
          "column": 4
        }
      },
      "2": {
        "start": {
          "line": 20,
          "column": 0
        },
        "end": {
          "line": 26,
          "column": 13
        }
      }
    },
    "fnMap": {
      "0": {
        "name": "(anonymous_0)",
        "decl": {
          "start": {
            "line": 6,
            "column": 17
          },
          "end": {
            "line": 6,
            "column": 18
          }
        },
        "loc": {
          "start": {
            "line": 6,
            "column": 58
          },
          "end": {
            "line": 16,
            "column": 1
          }
        },
        "line": 6
      }
    },
    "branchMap": {},
    "s": {
      "0": 7,
      "1": 4,
      "2": 7
    },
    "f": {
      "0": 4
    },
    "b": {},
    "_coverageSchema": "1a1c01bbd47fc00a2c39e90264f33305004495a9",
    "hash": "9dbf32d2da66278f4d8fcd53bc729e483341f67b"
  },
  "/Users/jmedina/turing/3module/deadstock/src/components/SearchResults/SearchResults.js": {
    "path": "/Users/jmedina/turing/3module/deadstock/src/components/SearchResults/SearchResults.js",
    "statementMap": {
      "0": {
        "start": {
          "line": 6,
          "column": 22
        },
        "end": {
          "line": 26,
          "column": 1
        }
      },
      "1": {
        "start": {
          "line": 7,
          "column": 18
        },
        "end": {
          "line": 23,
          "column": 3
        }
      },
      "2": {
        "start": {
          "line": 9,
          "column": 6
        },
        "end": {
          "line": 15,
          "column": 8
        }
      },
      "3": {
        "start": {
          "line": 25,
          "column": 2
        },
        "end": {
          "line": 25,
          "column": 58
        }
      },
      "4": {
        "start": {
          "line": 30,
          "column": 0
        },
        "end": {
          "line": 32,
          "column": 2
        }
      }
    },
    "fnMap": {
      "0": {
        "name": "(anonymous_0)",
        "decl": {
          "start": {
            "line": 6,
            "column": 22
          },
          "end": {
            "line": 6,
            "column": 23
          }
        },
        "loc": {
          "start": {
            "line": 6,
            "column": 37
          },
          "end": {
            "line": 26,
            "column": 1
          }
        },
        "line": 6
      },
      "1": {
        "name": "(anonymous_1)",
        "decl": {
          "start": {
            "line": 8,
            "column": 14
          },
          "end": {
            "line": 8,
            "column": 15
          }
        },
        "loc": {
          "start": {
            "line": 9,
            "column": 6
          },
          "end": {
            "line": 15,
            "column": 8
          }
        },
        "line": 9
      }
    },
    "branchMap": {
      "0": {
        "loc": {
          "start": {
            "line": 7,
            "column": 18
          },
          "end": {
            "line": 23,
            "column": 3
          }
        },
        "type": "cond-expr",
        "locations": [
          {
            "start": {
              "line": 8,
              "column": 4
            },
            "end": {
              "line": 16,
              "column": 6
            }
          },
          {
            "start": {
              "line": 18,
              "column": 4
            },
            "end": {
              "line": 22,
              "column": 10
            }
          }
        ],
        "line": 7
      }
    },
    "s": {
      "0": 7,
      "1": 0,
      "2": 0,
      "3": 0,
      "4": 7
    },
    "f": {
      "0": 0,
      "1": 0
    },
    "b": {
      "0": [
        0,
        0
      ]
    },
    "_coverageSchema": "1a1c01bbd47fc00a2c39e90264f33305004495a9",
    "hash": "3d4ca2d278c6127b64e2bb27a0113607a2438e9f"
  },
  "/Users/jmedina/turing/3module/deadstock/src/components/Hero/Hero.js": {
    "path": "/Users/jmedina/turing/3module/deadstock/src/components/Hero/Hero.js",
    "statementMap": {
      "0": {
        "start": {
          "line": 8,
          "column": 13
        },
        "end": {
          "line": 60,
          "column": 1
        }
      },
      "1": {
        "start": {
          "line": 9,
          "column": 17
        },
        "end": {
          "line": 12,
          "column": 36
        }
      },
      "2": {
        "start": {
          "line": 12,
          "column": 19
        },
        "end": {
          "line": 12,
          "column": 35
        }
      },
      "3": {
        "start": {
          "line": 13,
          "column": 28
        },
        "end": {
          "line": 13,
          "column": 39
        }
      },
      "4": {
        "start": {
          "line": 15,
          "column": 24
        },
        "end": {
          "line": 28,
          "column": 4
        }
      },
      "5": {
        "start": {
          "line": 16,
          "column": 4
        },
        "end": {
          "line": 27,
          "column": 6
        }
      },
      "6": {
        "start": {
          "line": 30,
          "column": 22
        },
        "end": {
          "line": 34,
          "column": 3
        }
      },
      "7": {
        "start": {
          "line": 31,
          "column": 4
        },
        "end": {
          "line": 33,
          "column": 62
        }
      },
      "8": {
        "start": {
          "line": 36,
          "column": 2
        },
        "end": {
          "line": 59,
          "column": 4
        }
      },
      "9": {
        "start": {
          "line": 64,
          "column": 0
        },
        "end": {
          "line": 78,
          "column": 2
        }
      }
    },
    "fnMap": {
      "0": {
        "name": "(anonymous_0)",
        "decl": {
          "start": {
            "line": 8,
            "column": 13
          },
          "end": {
            "line": 8,
            "column": 14
          }
        },
        "loc": {
          "start": {
            "line": 8,
            "column": 32
          },
          "end": {
            "line": 60,
            "column": 1
          }
        },
        "line": 8
      },
      "1": {
        "name": "(anonymous_1)",
        "decl": {
          "start": {
            "line": 12,
            "column": 9
          },
          "end": {
            "line": 12,
            "column": 10
          }
        },
        "loc": {
          "start": {
            "line": 12,
            "column": 19
          },
          "end": {
            "line": 12,
            "column": 35
          }
        },
        "line": 12
      },
      "2": {
        "name": "(anonymous_2)",
        "decl": {
          "start": {
            "line": 15,
            "column": 35
          },
          "end": {
            "line": 15,
            "column": 36
          }
        },
        "loc": {
          "start": {
            "line": 15,
            "column": 52
          },
          "end": {
            "line": 28,
            "column": 3
          }
        },
        "line": 15
      },
      "3": {
        "name": "(anonymous_3)",
        "decl": {
          "start": {
            "line": 30,
            "column": 22
          },
          "end": {
            "line": 30,
            "column": 23
          }
        },
        "loc": {
          "start": {
            "line": 30,
            "column": 29
          },
          "end": {
            "line": 34,
            "column": 3
          }
        },
        "line": 30
      }
    },
    "branchMap": {
      "0": {
        "loc": {
          "start": {
            "line": 17,
            "column": 34
          },
          "end": {
            "line": 17,
            "column": 76
          }
        },
        "type": "cond-expr",
        "locations": [
          {
            "start": {
              "line": 17,
              "column": 52
            },
            "end": {
              "line": 17,
              "column": 66
            }
          },
          {
            "start": {
              "line": 17,
              "column": 69
            },
            "end": {
              "line": 17,
              "column": 76
            }
          }
        ],
        "line": 17
      },
      "1": {
        "loc": {
          "start": {
            "line": 18,
            "column": 9
          },
          "end": {
            "line": 25,
            "column": 9
          }
        },
        "type": "binary-expr",
        "locations": [
          {
            "start": {
              "line": 18,
              "column": 9
            },
            "end": {
              "line": 18,
              "column": 24
            }
          },
          {
            "start": {
              "line": 19,
              "column": 10
            },
            "end": {
              "line": 24,
              "column": 12
            }
          }
        ],
        "line": 18
      },
      "2": {
        "loc": {
          "start": {
            "line": 31,
            "column": 4
          },
          "end": {
            "line": 33,
            "column": 61
          }
        },
        "type": "cond-expr",
        "locations": [
          {
            "start": {
              "line": 32,
              "column": 8
            },
            "end": {
              "line": 32,
              "column": 61
            }
          },
          {
            "start": {
              "line": 33,
              "column": 8
            },
            "end": {
              "line": 33,
              "column": 61
            }
          }
        ],
        "line": 31
      },
      "3": {
        "loc": {
          "start": {
            "line": 32,
            "column": 17
          },
          "end": {
            "line": 32,
            "column": 60
          }
        },
        "type": "cond-expr",
        "locations": [
          {
            "start": {
              "line": 32,
              "column": 47
            },
            "end": {
              "line": 32,
              "column": 48
            }
          },
          {
            "start": {
              "line": 32,
              "column": 51
            },
            "end": {
              "line": 32,
              "column": 60
            }
          }
        ],
        "line": 32
      },
      "4": {
        "loc": {
          "start": {
            "line": 33,
            "column": 17
          },
          "end": {
            "line": 33,
            "column": 60
          }
        },
        "type": "cond-expr",
        "locations": [
          {
            "start": {
              "line": 33,
              "column": 31
            },
            "end": {
              "line": 33,
              "column": 48
            }
          },
          {
            "start": {
              "line": 33,
              "column": 51
            },
            "end": {
              "line": 33,
              "column": 60
            }
          }
        ],
        "line": 33
      }
    },
    "s": {
      "0": 7,
      "1": 4,
      "2": 20,
      "3": 4,
      "4": 4,
      "5": 20,
      "6": 4,
      "7": 0,
      "8": 4,
      "9": 7
    },
    "f": {
      "0": 4,
      "1": 20,
      "2": 20,
      "3": 0
    },
    "b": {
      "0": [
        4,
        16
      ],
      "1": [
        20,
        4
      ],
      "2": [
        0,
        0
      ],
      "3": [
        0,
        0
      ],
      "4": [
        0,
        0
      ]
    },
    "_coverageSchema": "1a1c01bbd47fc00a2c39e90264f33305004495a9",
    "hash": "17d88b87904a4bf54a188d8fbdd6b93ff3ce3f4a"
  },
  "/Users/jmedina/turing/3module/deadstock/src/components/user components/UserPost/UserPost.js": {
    "path": "/Users/jmedina/turing/3module/deadstock/src/components/user components/UserPost/UserPost.js",
    "statementMap": {
      "0": {
        "start": {
          "line": 5,
          "column": 17
        },
        "end": {
          "line": 108,
          "column": 1
        }
      },
      "1": {
        "start": {
          "line": 20,
          "column": 26
        },
        "end": {
          "line": 20,
          "column": 40
        }
      },
      "2": {
        "start": {
          "line": 21,
          "column": 24
        },
        "end": {
          "line": 21,
          "column": 36
        }
      },
      "3": {
        "start": {
          "line": 22,
          "column": 26
        },
        "end": {
          "line": 33,
          "column": 4
        }
      },
      "4": {
        "start": {
          "line": 35,
          "column": 22
        },
        "end": {
          "line": 39,
          "column": 3
        }
      },
      "5": {
        "start": {
          "line": 36,
          "column": 4
        },
        "end": {
          "line": 36,
          "column": 23
        }
      },
      "6": {
        "start": {
          "line": 37,
          "column": 4
        },
        "end": {
          "line": 37,
          "column": 25
        }
      },
      "7": {
        "start": {
          "line": 38,
          "column": 4
        },
        "end": {
          "line": 38,
          "column": 19
        }
      },
      "8": {
        "start": {
          "line": 41,
          "column": 23
        },
        "end": {
          "line": 47,
          "column": 3
        }
      },
      "9": {
        "start": {
          "line": 42,
          "column": 28
        },
        "end": {
          "line": 42,
          "column": 36
        }
      },
      "10": {
        "start": {
          "line": 43,
          "column": 4
        },
        "end": {
          "line": 46,
          "column": 7
        }
      },
      "11": {
        "start": {
          "line": 48,
          "column": 15
        },
        "end": {
          "line": 53,
          "column": 3
        }
      },
      "12": {
        "start": {
          "line": 49,
          "column": 4
        },
        "end": {
          "line": 49,
          "column": 23
        }
      },
      "13": {
        "start": {
          "line": 50,
          "column": 4
        },
        "end": {
          "line": 50,
          "column": 17
        }
      },
      "14": {
        "start": {
          "line": 51,
          "column": 4
        },
        "end": {
          "line": 51,
          "column": 18
        }
      },
      "15": {
        "start": {
          "line": 52,
          "column": 4
        },
        "end": {
          "line": 52,
          "column": 21
        }
      },
      "16": {
        "start": {
          "line": 55,
          "column": 17
        },
        "end": {
          "line": 63,
          "column": 3
        }
      },
      "17": {
        "start": {
          "line": 65,
          "column": 2
        },
        "end": {
          "line": 107,
          "column": 4
        }
      },
      "18": {
        "start": {
          "line": 82,
          "column": 27
        },
        "end": {
          "line": 82,
          "column": 42
        }
      },
      "19": {
        "start": {
          "line": 92,
          "column": 27
        },
        "end": {
          "line": 92,
          "column": 42
        }
      },
      "20": {
        "start": {
          "line": 101,
          "column": 26
        },
        "end": {
          "line": 101,
          "column": 39
        }
      },
      "21": {
        "start": {
          "line": 112,
          "column": 0
        },
        "end": {
          "line": 125,
          "column": 13
        }
      }
    },
    "fnMap": {
      "0": {
        "name": "(anonymous_0)",
        "decl": {
          "start": {
            "line": 5,
            "column": 17
          },
          "end": {
            "line": 5,
            "column": 18
          }
        },
        "loc": {
          "start": {
            "line": 19,
            "column": 6
          },
          "end": {
            "line": 108,
            "column": 1
          }
        },
        "line": 19
      },
      "1": {
        "name": "(anonymous_1)",
        "decl": {
          "start": {
            "line": 35,
            "column": 22
          },
          "end": {
            "line": 35,
            "column": 23
          }
        },
        "loc": {
          "start": {
            "line": 35,
            "column": 29
          },
          "end": {
            "line": 39,
            "column": 3
          }
        },
        "line": 35
      },
      "2": {
        "name": "(anonymous_2)",
        "decl": {
          "start": {
            "line": 41,
            "column": 23
          },
          "end": {
            "line": 41,
            "column": 24
          }
        },
        "loc": {
          "start": {
            "line": 41,
            "column": 30
          },
          "end": {
            "line": 47,
            "column": 3
          }
        },
        "line": 41
      },
      "3": {
        "name": "(anonymous_3)",
        "decl": {
          "start": {
            "line": 48,
            "column": 15
          },
          "end": {
            "line": 48,
            "column": 16
          }
        },
        "loc": {
          "start": {
            "line": 48,
            "column": 22
          },
          "end": {
            "line": 53,
            "column": 3
          }
        },
        "line": 48
      },
      "4": {
        "name": "(anonymous_4)",
        "decl": {
          "start": {
            "line": 82,
            "column": 20
          },
          "end": {
            "line": 82,
            "column": 21
          }
        },
        "loc": {
          "start": {
            "line": 82,
            "column": 27
          },
          "end": {
            "line": 82,
            "column": 42
          }
        },
        "line": 82
      },
      "5": {
        "name": "(anonymous_5)",
        "decl": {
          "start": {
            "line": 92,
            "column": 20
          },
          "end": {
            "line": 92,
            "column": 21
          }
        },
        "loc": {
          "start": {
            "line": 92,
            "column": 27
          },
          "end": {
            "line": 92,
            "column": 42
          }
        },
        "line": 92
      },
      "6": {
        "name": "(anonymous_6)",
        "decl": {
          "start": {
            "line": 101,
            "column": 19
          },
          "end": {
            "line": 101,
            "column": 20
          }
        },
        "loc": {
          "start": {
            "line": 101,
            "column": 26
          },
          "end": {
            "line": 101,
            "column": 39
          }
        },
        "line": 101
      }
    },
    "branchMap": {
      "0": {
        "loc": {
          "start": {
            "line": 55,
            "column": 17
          },
          "end": {
            "line": 63,
            "column": 3
          }
        },
        "type": "cond-expr",
        "locations": [
          {
            "start": {
              "line": 56,
              "column": 4
            },
            "end": {
              "line": 58,
              "column": 13
            }
          },
          {
            "start": {
              "line": 60,
              "column": 4
            },
            "end": {
              "line": 62,
              "column": 13
            }
          }
        ],
        "line": 55
      }
    },
    "s": {
      "0": 7,
      "1": 38,
      "2": 38,
      "3": 38,
      "4": 38,
      "5": 2,
      "6": 2,
      "7": 2,
      "8": 38,
      "9": 8,
      "10": 8,
      "11": 38,
      "12": 2,
      "13": 2,
      "14": 2,
      "15": 2,
      "16": 38,
      "17": 38,
      "18": 2,
      "19": 6,
      "20": 4,
      "21": 7
    },
    "f": {
      "0": 38,
      "1": 2,
      "2": 8,
      "3": 2,
      "4": 2,
      "5": 6,
      "6": 4
    },
    "b": {
      "0": [
        18,
        20
      ]
    },
    "_coverageSchema": "1a1c01bbd47fc00a2c39e90264f33305004495a9",
    "hash": "933d791a4f93bf5dd6f95682d7226af59fd5996b"
  },
  "/Users/jmedina/turing/3module/deadstock/src/components/user components/UserCloset/UserCloset.js": {
    "path": "/Users/jmedina/turing/3module/deadstock/src/components/user components/UserCloset/UserCloset.js",
    "statementMap": {
      "0": {
        "start": {
          "line": 8,
          "column": 19
        },
        "end": {
          "line": 42,
          "column": 1
        }
      },
      "1": {
        "start": {
          "line": 9,
          "column": 26
        },
        "end": {
          "line": 9,
          "column": 64
        }
      },
      "2": {
        "start": {
          "line": 9,
          "column": 47
        },
        "end": {
          "line": 9,
          "column": 63
        }
      },
      "3": {
        "start": {
          "line": 10,
          "column": 24
        },
        "end": {
          "line": 33,
          "column": 3
        }
      },
      "4": {
        "start": {
          "line": 13,
          "column": 8
        },
        "end": {
          "line": 28,
          "column": 10
        }
      },
      "5": {
        "start": {
          "line": 34,
          "column": 2
        },
        "end": {
          "line": 41,
          "column": 4
        }
      },
      "6": {
        "start": {
          "line": 46,
          "column": 0
        },
        "end": {
          "line": 61,
          "column": 2
        }
      }
    },
    "fnMap": {
      "0": {
        "name": "(anonymous_0)",
        "decl": {
          "start": {
            "line": 8,
            "column": 19
          },
          "end": {
            "line": 8,
            "column": 20
          }
        },
        "loc": {
          "start": {
            "line": 8,
            "column": 55
          },
          "end": {
            "line": 42,
            "column": 1
          }
        },
        "line": 8
      },
      "1": {
        "name": "(anonymous_1)",
        "decl": {
          "start": {
            "line": 9,
            "column": 37
          },
          "end": {
            "line": 9,
            "column": 38
          }
        },
        "loc": {
          "start": {
            "line": 9,
            "column": 47
          },
          "end": {
            "line": 9,
            "column": 63
          }
        },
        "line": 9
      },
      "2": {
        "name": "(anonymous_2)",
        "decl": {
          "start": {
            "line": 12,
            "column": 11
          },
          "end": {
            "line": 12,
            "column": 12
          }
        },
        "loc": {
          "start": {
            "line": 13,
            "column": 8
          },
          "end": {
            "line": 28,
            "column": 10
          }
        },
        "line": 13
      }
    },
    "branchMap": {
      "0": {
        "loc": {
          "start": {
            "line": 10,
            "column": 24
          },
          "end": {
            "line": 33,
            "column": 3
          }
        },
        "type": "cond-expr",
        "locations": [
          {
            "start": {
              "line": 11,
              "column": 4
            },
            "end": {
              "line": 30,
              "column": 16
            }
          },
          {
            "start": {
              "line": 32,
              "column": 4
            },
            "end": {
              "line": 32,
              "column": 52
            }
          }
        ],
        "line": 10
      }
    },
    "s": {
      "0": 7,
      "1": 26,
      "2": 18,
      "3": 26,
      "4": 18,
      "5": 26,
      "6": 7
    },
    "f": {
      "0": 26,
      "1": 18,
      "2": 18
    },
    "b": {
      "0": [
        18,
        8
      ]
    },
    "_coverageSchema": "1a1c01bbd47fc00a2c39e90264f33305004495a9",
    "hash": "caee704f201bbf3957d0ad5e70a6da4eccb5c3ef"
  },
  "/Users/jmedina/turing/3module/deadstock/src/components/user components/Login/Login.js": {
    "path": "/Users/jmedina/turing/3module/deadstock/src/components/user components/Login/Login.js",
    "statementMap": {
      "0": {
        "start": {
          "line": 7,
          "column": 14
        },
        "end": {
          "line": 53,
          "column": 1
        }
      },
      "1": {
        "start": {
          "line": 8,
          "column": 34
        },
        "end": {
          "line": 8,
          "column": 44
        }
      },
      "2": {
        "start": {
          "line": 9,
          "column": 34
        },
        "end": {
          "line": 9,
          "column": 44
        }
      },
      "3": {
        "start": {
          "line": 11,
          "column": 21
        },
        "end": {
          "line": 16,
          "column": 3
        }
      },
      "4": {
        "start": {
          "line": 12,
          "column": 17
        },
        "end": {
          "line": 14,
          "column": 5
        }
      },
      "5": {
        "start": {
          "line": 13,
          "column": 16
        },
        "end": {
          "line": 13,
          "column": 72
        }
      },
      "6": {
        "start": {
          "line": 15,
          "column": 4
        },
        "end": {
          "line": 15,
          "column": 24
        }
      },
      "7": {
        "start": {
          "line": 18,
          "column": 2
        },
        "end": {
          "line": 52,
          "column": 4
        }
      },
      "8": {
        "start": {
          "line": 26,
          "column": 25
        },
        "end": {
          "line": 26,
          "column": 52
        }
      },
      "9": {
        "start": {
          "line": 35,
          "column": 25
        },
        "end": {
          "line": 35,
          "column": 52
        }
      },
      "10": {
        "start": {
          "line": 57,
          "column": 0
        },
        "end": {
          "line": 66,
          "column": 2
        }
      }
    },
    "fnMap": {
      "0": {
        "name": "(anonymous_0)",
        "decl": {
          "start": {
            "line": 7,
            "column": 14
          },
          "end": {
            "line": 7,
            "column": 15
          }
        },
        "loc": {
          "start": {
            "line": 7,
            "column": 36
          },
          "end": {
            "line": 53,
            "column": 1
          }
        },
        "line": 7
      },
      "1": {
        "name": "(anonymous_1)",
        "decl": {
          "start": {
            "line": 11,
            "column": 21
          },
          "end": {
            "line": 11,
            "column": 22
          }
        },
        "loc": {
          "start": {
            "line": 11,
            "column": 27
          },
          "end": {
            "line": 16,
            "column": 3
          }
        },
        "line": 11
      },
      "2": {
        "name": "(anonymous_2)",
        "decl": {
          "start": {
            "line": 13,
            "column": 6
          },
          "end": {
            "line": 13,
            "column": 7
          }
        },
        "loc": {
          "start": {
            "line": 13,
            "column": 16
          },
          "end": {
            "line": 13,
            "column": 72
          }
        },
        "line": 13
      },
      "3": {
        "name": "(anonymous_3)",
        "decl": {
          "start": {
            "line": 26,
            "column": 18
          },
          "end": {
            "line": 26,
            "column": 19
          }
        },
        "loc": {
          "start": {
            "line": 26,
            "column": 25
          },
          "end": {
            "line": 26,
            "column": 52
          }
        },
        "line": 26
      },
      "4": {
        "name": "(anonymous_4)",
        "decl": {
          "start": {
            "line": 35,
            "column": 18
          },
          "end": {
            "line": 35,
            "column": 19
          }
        },
        "loc": {
          "start": {
            "line": 35,
            "column": 25
          },
          "end": {
            "line": 35,
            "column": 52
          }
        },
        "line": 35
      }
    },
    "branchMap": {
      "0": {
        "loc": {
          "start": {
            "line": 13,
            "column": 16
          },
          "end": {
            "line": 13,
            "column": 72
          }
        },
        "type": "binary-expr",
        "locations": [
          {
            "start": {
              "line": 13,
              "column": 16
            },
            "end": {
              "line": 13,
              "column": 42
            }
          },
          {
            "start": {
              "line": 13,
              "column": 46
            },
            "end": {
              "line": 13,
              "column": 72
            }
          }
        ],
        "line": 13
      },
      "1": {
        "loc": {
          "start": {
            "line": 15,
            "column": 4
          },
          "end": {
            "line": 15,
            "column": 23
          }
        },
        "type": "binary-expr",
        "locations": [
          {
            "start": {
              "line": 15,
              "column": 4
            },
            "end": {
              "line": 15,
              "column": 8
            }
          },
          {
            "start": {
              "line": 15,
              "column": 12
            },
            "end": {
              "line": 15,
              "column": 23
            }
          }
        ],
        "line": 15
      },
      "2": {
        "loc": {
          "start": {
            "line": 42,
            "column": 20
          },
          "end": {
            "line": 42,
            "column": 42
          }
        },
        "type": "binary-expr",
        "locations": [
          {
            "start": {
              "line": 42,
              "column": 20
            },
            "end": {
              "line": 42,
              "column": 29
            }
          },
          {
            "start": {
              "line": 42,
              "column": 33
            },
            "end": {
              "line": 42,
              "column": 42
            }
          }
        ],
        "line": 42
      }
    },
    "s": {
      "0": 7,
      "1": 176,
      "2": 176,
      "3": 176,
      "4": 7,
      "5": 7,
      "6": 7,
      "7": 176,
      "8": 42,
      "9": 28,
      "10": 7
    },
    "f": {
      "0": 176,
      "1": 7,
      "2": 7,
      "3": 42,
      "4": 28
    },
    "b": {
      "0": [
        7,
        7
      ],
      "1": [
        7,
        7
      ],
      "2": [
        176,
        140
      ]
    },
    "_coverageSchema": "1a1c01bbd47fc00a2c39e90264f33305004495a9",
    "hash": "688fe877eaf4c50d2d4c24a1a4341b2dc0008b2b"
  },
  "/Users/jmedina/turing/3module/deadstock/src/components/ListView/ListView.js": {
    "path": "/Users/jmedina/turing/3module/deadstock/src/components/ListView/ListView.js",
    "statementMap": {
      "0": {
        "start": {
          "line": 6,
          "column": 17
        },
        "end": {
          "line": 18,
          "column": 1
        }
      },
      "1": {
        "start": {
          "line": 7,
          "column": 20
        },
        "end": {
          "line": 15,
          "column": 4
        }
      },
      "2": {
        "start": {
          "line": 8,
          "column": 4
        },
        "end": {
          "line": 14,
          "column": 6
        }
      },
      "3": {
        "start": {
          "line": 17,
          "column": 2
        },
        "end": {
          "line": 17,
          "column": 63
        }
      },
      "4": {
        "start": {
          "line": 22,
          "column": 0
        },
        "end": {
          "line": 36,
          "column": 2
        }
      }
    },
    "fnMap": {
      "0": {
        "name": "(anonymous_0)",
        "decl": {
          "start": {
            "line": 6,
            "column": 17
          },
          "end": {
            "line": 6,
            "column": 18
          }
        },
        "loc": {
          "start": {
            "line": 6,
            "column": 30
          },
          "end": {
            "line": 18,
            "column": 1
          }
        },
        "line": 6
      },
      "1": {
        "name": "(anonymous_1)",
        "decl": {
          "start": {
            "line": 7,
            "column": 28
          },
          "end": {
            "line": 7,
            "column": 29
          }
        },
        "loc": {
          "start": {
            "line": 8,
            "column": 4
          },
          "end": {
            "line": 14,
            "column": 6
          }
        },
        "line": 8
      }
    },
    "branchMap": {
      "0": {
        "loc": {
          "start": {
            "line": 27,
            "column": 14
          },
          "end": {
            "line": 27,
            "column": 49
          }
        },
        "type": "binary-expr",
        "locations": [
          {
            "start": {
              "line": 27,
              "column": 14
            },
            "end": {
              "line": 27,
              "column": 30
            }
          },
          {
            "start": {
              "line": 27,
              "column": 34
            },
            "end": {
              "line": 27,
              "column": 49
            }
          }
        ],
        "line": 27
      }
    },
    "s": {
      "0": 7,
      "1": 0,
      "2": 0,
      "3": 0,
      "4": 7
    },
    "f": {
      "0": 0,
      "1": 0
    },
    "b": {
      "0": [
        7,
        0
      ]
    },
    "_coverageSchema": "1a1c01bbd47fc00a2c39e90264f33305004495a9",
    "hash": "f74833125e8f378285c2ea9c479b367491d97f1e"
  },
  "/Users/jmedina/turing/3module/deadstock/src/utils/apiCalls.js": {
    "path": "/Users/jmedina/turing/3module/deadstock/src/utils/apiCalls.js",
    "statementMap": {
      "0": {
        "start": {
          "line": 3,
          "column": 18
        },
        "end": {
          "line": 16,
          "column": 1
        }
      },
      "1": {
        "start": {
          "line": 4,
          "column": 2
        },
        "end": {
          "line": 15,
          "column": 3
        }
      },
      "2": {
        "start": {
          "line": 7,
          "column": 21
        },
        "end": {
          "line": 7,
          "column": 69
        }
      },
      "3": {
        "start": {
          "line": 8,
          "column": 17
        },
        "end": {
          "line": 8,
          "column": 38
        }
      },
      "4": {
        "start": {
          "line": 10,
          "column": 6
        },
        "end": {
          "line": 10,
          "column": 77
        }
      },
      "5": {
        "start": {
          "line": 10,
          "column": 53
        },
        "end": {
          "line": 10,
          "column": 69
        }
      },
      "6": {
        "start": {
          "line": 12,
          "column": 4
        },
        "end": {
          "line": 12,
          "column": 16
        }
      },
      "7": {
        "start": {
          "line": 14,
          "column": 4
        },
        "end": {
          "line": 14,
          "column": 32
        }
      },
      "8": {
        "start": {
          "line": 18,
          "column": 17
        },
        "end": {
          "line": 26,
          "column": 1
        }
      },
      "9": {
        "start": {
          "line": 19,
          "column": 2
        },
        "end": {
          "line": 25,
          "column": 39
        }
      },
      "10": {
        "start": {
          "line": 24,
          "column": 24
        },
        "end": {
          "line": 24,
          "column": 39
        }
      },
      "11": {
        "start": {
          "line": 25,
          "column": 20
        },
        "end": {
          "line": 25,
          "column": 37
        }
      }
    },
    "fnMap": {
      "0": {
        "name": "(anonymous_0)",
        "decl": {
          "start": {
            "line": 3,
            "column": 18
          },
          "end": {
            "line": 3,
            "column": 19
          }
        },
        "loc": {
          "start": {
            "line": 3,
            "column": 34
          },
          "end": {
            "line": 16,
            "column": 1
          }
        },
        "line": 3
      },
      "1": {
        "name": "(anonymous_1)",
        "decl": {
          "start": {
            "line": 10,
            "column": 43
          },
          "end": {
            "line": 10,
            "column": 44
          }
        },
        "loc": {
          "start": {
            "line": 10,
            "column": 53
          },
          "end": {
            "line": 10,
            "column": 69
          }
        },
        "line": 10
      },
      "2": {
        "name": "(anonymous_2)",
        "decl": {
          "start": {
            "line": 18,
            "column": 17
          },
          "end": {
            "line": 18,
            "column": 18
          }
        },
        "loc": {
          "start": {
            "line": 18,
            "column": 36
          },
          "end": {
            "line": 26,
            "column": 1
          }
        },
        "line": 18
      },
      "3": {
        "name": "(anonymous_3)",
        "decl": {
          "start": {
            "line": 24,
            "column": 10
          },
          "end": {
            "line": 24,
            "column": 11
          }
        },
        "loc": {
          "start": {
            "line": 24,
            "column": 24
          },
          "end": {
            "line": 24,
            "column": 39
          }
        },
        "line": 24
      },
      "4": {
        "name": "(anonymous_4)",
        "decl": {
          "start": {
            "line": 25,
            "column": 10
          },
          "end": {
            "line": 25,
            "column": 11
          }
        },
        "loc": {
          "start": {
            "line": 25,
            "column": 20
          },
          "end": {
            "line": 25,
            "column": 37
          }
        },
        "line": 25
      }
    },
    "branchMap": {
      "0": {
        "loc": {
          "start": {
            "line": 10,
            "column": 6
          },
          "end": {
            "line": 10,
            "column": 77
          }
        },
        "type": "cond-expr",
        "locations": [
          {
            "start": {
              "line": 10,
              "column": 29
            },
            "end": {
              "line": 10,
              "column": 70
            }
          },
          {
            "start": {
              "line": 10,
              "column": 73
            },
            "end": {
              "line": 10,
              "column": 77
            }
          }
        ],
        "line": 10
      }
    },
    "s": {
      "0": 7,
      "1": 28,
      "2": 28,
      "3": 28,
      "4": 28,
      "5": 70,
      "6": 28,
      "7": 0,
      "8": 7,
      "9": 0,
      "10": 0,
      "11": 0
    },
    "f": {
      "0": 28,
      "1": 70,
      "2": 0,
      "3": 0,
      "4": 0
    },
    "b": {
      "0": [
        14,
        14
      ]
    },
    "_coverageSchema": "1a1c01bbd47fc00a2c39e90264f33305004495a9",
    "hash": "dfe63706365f5fe1da047cc571c9ed37dbce06b8"
  },
  "/Users/jmedina/turing/3module/deadstock/src/components/NavigationBar/NavigationBar.js": {
    "path": "/Users/jmedina/turing/3module/deadstock/src/components/NavigationBar/NavigationBar.js",
    "statementMap": {
      "0": {
        "start": {
          "line": 11,
          "column": 22
        },
        "end": {
          "line": 100,
          "column": 1
        }
      },
      "1": {
        "start": {
          "line": 12,
          "column": 28
        },
        "end": {
          "line": 12,
          "column": 40
        }
      },
      "2": {
        "start": {
          "line": 14,
          "column": 24
        },
        "end": {
          "line": 41,
          "column": 3
        }
      },
      "3": {
        "start": {
          "line": 20,
          "column": 25
        },
        "end": {
          "line": 20,
          "column": 38
        }
      },
      "4": {
        "start": {
          "line": 36,
          "column": 23
        },
        "end": {
          "line": 36,
          "column": 36
        }
      },
      "5": {
        "start": {
          "line": 43,
          "column": 23
        },
        "end": {
          "line": 46,
          "column": 3
        }
      },
      "6": {
        "start": {
          "line": 44,
          "column": 4
        },
        "end": {
          "line": 44,
          "column": 20
        }
      },
      "7": {
        "start": {
          "line": 45,
          "column": 4
        },
        "end": {
          "line": 45,
          "column": 23
        }
      },
      "8": {
        "start": {
          "line": 48,
          "column": 22
        },
        "end": {
          "line": 51,
          "column": 3
        }
      },
      "9": {
        "start": {
          "line": 49,
          "column": 4
        },
        "end": {
          "line": 49,
          "column": 17
        }
      },
      "10": {
        "start": {
          "line": 50,
          "column": 4
        },
        "end": {
          "line": 50,
          "column": 20
        }
      },
      "11": {
        "start": {
          "line": 53,
          "column": 2
        },
        "end": {
          "line": 99,
          "column": 4
        }
      },
      "12": {
        "start": {
          "line": 63,
          "column": 27
        },
        "end": {
          "line": 63,
          "column": 40
        }
      },
      "13": {
        "start": {
          "line": 73,
          "column": 27
        },
        "end": {
          "line": 73,
          "column": 40
        }
      },
      "14": {
        "start": {
          "line": 89,
          "column": 29
        },
        "end": {
          "line": 89,
          "column": 57
        }
      },
      "15": {
        "start": {
          "line": 92,
          "column": 60
        },
        "end": {
          "line": 92,
          "column": 73
        }
      },
      "16": {
        "start": {
          "line": 104,
          "column": 0
        },
        "end": {
          "line": 108,
          "column": 2
        }
      }
    },
    "fnMap": {
      "0": {
        "name": "(anonymous_0)",
        "decl": {
          "start": {
            "line": 11,
            "column": 22
          },
          "end": {
            "line": 11,
            "column": 23
          }
        },
        "loc": {
          "start": {
            "line": 11,
            "column": 56
          },
          "end": {
            "line": 100,
            "column": 1
          }
        },
        "line": 11
      },
      "1": {
        "name": "(anonymous_1)",
        "decl": {
          "start": {
            "line": 20,
            "column": 19
          },
          "end": {
            "line": 20,
            "column": 20
          }
        },
        "loc": {
          "start": {
            "line": 20,
            "column": 25
          },
          "end": {
            "line": 20,
            "column": 38
          }
        },
        "line": 20
      },
      "2": {
        "name": "(anonymous_2)",
        "decl": {
          "start": {
            "line": 36,
            "column": 17
          },
          "end": {
            "line": 36,
            "column": 18
          }
        },
        "loc": {
          "start": {
            "line": 36,
            "column": 23
          },
          "end": {
            "line": 36,
            "column": 36
          }
        },
        "line": 36
      },
      "3": {
        "name": "(anonymous_3)",
        "decl": {
          "start": {
            "line": 43,
            "column": 23
          },
          "end": {
            "line": 43,
            "column": 24
          }
        },
        "loc": {
          "start": {
            "line": 43,
            "column": 34
          },
          "end": {
            "line": 46,
            "column": 3
          }
        },
        "line": 43
      },
      "4": {
        "name": "(anonymous_4)",
        "decl": {
          "start": {
            "line": 48,
            "column": 22
          },
          "end": {
            "line": 48,
            "column": 23
          }
        },
        "loc": {
          "start": {
            "line": 48,
            "column": 28
          },
          "end": {
            "line": 51,
            "column": 3
          }
        },
        "line": 48
      },
      "5": {
        "name": "(anonymous_5)",
        "decl": {
          "start": {
            "line": 63,
            "column": 21
          },
          "end": {
            "line": 63,
            "column": 22
          }
        },
        "loc": {
          "start": {
            "line": 63,
            "column": 27
          },
          "end": {
            "line": 63,
            "column": 40
          }
        },
        "line": 63
      },
      "6": {
        "name": "(anonymous_6)",
        "decl": {
          "start": {
            "line": 73,
            "column": 21
          },
          "end": {
            "line": 73,
            "column": 22
          }
        },
        "loc": {
          "start": {
            "line": 73,
            "column": 27
          },
          "end": {
            "line": 73,
            "column": 40
          }
        },
        "line": 73
      },
      "7": {
        "name": "(anonymous_7)",
        "decl": {
          "start": {
            "line": 89,
            "column": 22
          },
          "end": {
            "line": 89,
            "column": 23
          }
        },
        "loc": {
          "start": {
            "line": 89,
            "column": 29
          },
          "end": {
            "line": 89,
            "column": 57
          }
        },
        "line": 89
      },
      "8": {
        "name": "(anonymous_8)",
        "decl": {
          "start": {
            "line": 92,
            "column": 54
          },
          "end": {
            "line": 92,
            "column": 55
          }
        },
        "loc": {
          "start": {
            "line": 92,
            "column": 60
          },
          "end": {
            "line": 92,
            "column": 73
          }
        },
        "line": 92
      }
    },
    "branchMap": {
      "0": {
        "loc": {
          "start": {
            "line": 14,
            "column": 24
          },
          "end": {
            "line": 41,
            "column": 3
          }
        },
        "type": "cond-expr",
        "locations": [
          {
            "start": {
              "line": 15,
              "column": 4
            },
            "end": {
              "line": 30,
              "column": 7
            }
          },
          {
            "start": {
              "line": 32,
[...]
          "column": 21
        },
        "end": {
          "line": 64,
          "column": 62
        }
      },
      "34": {
        "start": {
          "line": 64,
          "column": 45
        },
        "end": {
          "line": 64,
          "column": 61
        }
      },
      "35": {
        "start": {
          "line": 65,
          "column": 4
        },
        "end": {
          "line": 65,
          "column": 38
        }
      },
      "36": {
        "start": {
          "line": 68,
          "column": 21
        },
        "end": {
          "line": 78,
          "column": 3
        }
      },
      "37": {
        "start": {
          "line": 69,
          "column": 30
        },
        "end": {
          "line": 71,
          "column": 5
        }
      },
      "38": {
        "start": {
          "line": 70,
          "column": 13
        },
        "end": {
          "line": 70,
          "column": 41
        }
      },
      "39": {
        "start": {
          "line": 72,
          "column": 4
        },
        "end": {
          "line": 72,
          "column": 36
        }
      },
      "40": {
        "start": {
          "line": 73,
          "column": 26
        },
        "end": {
          "line": 76,
          "column": 5
        }
      },
      "41": {
        "start": {
          "line": 75,
          "column": 13
        },
        "end": {
          "line": 75,
          "column": 40
        }
      },
      "42": {
        "start": {
          "line": 77,
          "column": 4
        },
        "end": {
          "line": 77,
          "column": 52
        }
      },
      "43": {
        "start": {
          "line": 80,
          "column": 17
        },
        "end": {
          "line": 82,
          "column": 3
        }
      },
      "44": {
        "start": {
          "line": 81,
          "column": 4
        },
        "end": {
          "line": 81,
          "column": 18
        }
      },
      "45": {
        "start": {
          "line": 84,
          "column": 19
        },
        "end": {
          "line": 88,
          "column": 3
        }
      },
      "46": {
        "start": {
          "line": 90,
          "column": 2
        },
        "end": {
          "line": 143,
          "column": 4
        }
      },
      "47": {
        "start": {
          "line": 103,
          "column": 12
        },
        "end": {
          "line": 107,
          "column": 14
        }
      },
      "48": {
        "start": {
          "line": 113,
          "column": 24
        },
        "end": {
          "line": 113,
          "column": 61
        }
      },
      "49": {
        "start": {
          "line": 119,
          "column": 12
        },
        "end": {
          "line": 124,
          "column": 14
        }
      },
      "50": {
        "start": {
          "line": 127,
          "column": 47
        },
        "end": {
          "line": 127,
          "column": 75
        }
      },
      "51": {
        "start": {
          "line": 132,
          "column": 25
        },
        "end": {
          "line": 134,
          "column": 13
        }
      },
      "52": {
        "start": {
          "line": 133,
          "column": 21
        },
        "end": {
          "line": 133,
          "column": 53
        }
      },
      "53": {
        "start": {
          "line": 135,
          "column": 12
        },
        "end": {
          "line": 135,
          "column": 48
        }
      },
      "54": {
        "start": {
          "line": 138,
          "column": 44
        },
        "end": {
          "line": 138,
          "column": 52
        }
      },
      "55": {
        "start": {
          "line": 139,
          "column": 38
        },
        "end": {
          "line": 139,
          "column": 47
        }
      }
    },
    "fnMap": {
      "0": {
        "name": "(anonymous_0)",
        "decl": {
          "start": {
            "line": 16,
            "column": 12
          },
          "end": {
            "line": 16,
            "column": 13
          }
        },
        "loc": {
          "start": {
            "line": 16,
            "column": 18
          },
          "end": {
            "line": 144,
            "column": 1
          }
        },
        "line": 16
      },
      "1": {
        "name": "(anonymous_1)",
        "decl": {
          "start": {
            "line": 22,
            "column": 12
          },
          "end": {
            "line": 22,
            "column": 13
          }
        },
        "loc": {
          "start": {
            "line": 22,
            "column": 18
          },
          "end": {
            "line": 25,
            "column": 3
          }
        },
        "line": 22
      },
      "2": {
        "name": "(anonymous_2)",
        "decl": {
          "start": {
            "line": 23,
            "column": 32
          },
          "end": {
            "line": 23,
            "column": 33
          }
        },
        "loc": {
          "start": {
            "line": 23,
            "column": 42
          },
          "end": {
            "line": 23,
            "column": 60
          }
        },
        "line": 23
      },
      "3": {
        "name": "(anonymous_3)",
        "decl": {
          "start": {
            "line": 24,
            "column": 28
          },
          "end": {
            "line": 24,
            "column": 29
          }
        },
        "loc": {
          "start": {
            "line": 24,
            "column": 42
          },
          "end": {
            "line": 24,
            "column": 65
          }
        },
        "line": 24
      },
      "4": {
        "name": "(anonymous_4)",
        "decl": {
          "start": {
            "line": 27,
            "column": 23
          },
          "end": {
            "line": 27,
            "column": 24
          }
        },
        "loc": {
          "start": {
            "line": 27,
            "column": 34
          },
          "end": {
            "line": 42,
            "column": 3
          }
        },
        "line": 27
      },
      "5": {
        "name": "(anonymous_5)",
        "decl": {
          "start": {
            "line": 29,
            "column": 45
          },
          "end": {
            "line": 29,
            "column": 46
          }
        },
        "loc": {
          "start": {
            "line": 29,
            "column": 60
          },
          "end": {
            "line": 39,
            "column": 5
          }
        },
        "line": 29
      },
      "6": {
        "name": "(anonymous_6)",
        "decl": {
          "start": {
            "line": 45,
            "column": 16
          },
          "end": {
            "line": 45,
            "column": 17
          }
        },
        "loc": {
          "start": {
            "line": 45,
            "column": 26
          },
          "end": {
            "line": 52,
            "column": 3
          }
        },
        "line": 45
      },
      "7": {
        "name": "(anonymous_7)",
        "decl": {
          "start": {
            "line": 46,
            "column": 36
          },
          "end": {
            "line": 46,
            "column": 37
          }
        },
        "loc": {
          "start": {
            "line": 46,
            "column": 46
          },
          "end": {
            "line": 46,
            "column": 73
          }
        },
        "line": 46
      },
      "8": {
        "name": "(anonymous_8)",
        "decl": {
          "start": {
            "line": 54,
            "column": 18
          },
          "end": {
            "line": 54,
            "column": 19
          }
        },
        "loc": {
          "start": {
            "line": 54,
            "column": 31
          },
          "end": {
            "line": 61,
            "column": 3
          }
        },
        "line": 54
      },
      "9": {
        "name": "(anonymous_9)",
        "decl": {
          "start": {
            "line": 63,
            "column": 21
          },
          "end": {
            "line": 63,
            "column": 22
          }
        },
        "loc": {
          "start": {
            "line": 63,
            "column": 31
          },
          "end": {
            "line": 66,
            "column": 3
          }
        },
        "line": 63
      },
      "10": {
        "name": "(anonymous_10)",
        "decl": {
          "start": {
            "line": 64,
            "column": 38
          },
          "end": {
            "line": 64,
            "column": 39
          }
        },
        "loc": {
          "start": {
            "line": 64,
            "column": 45
          },
          "end": {
            "line": 64,
            "column": 61
          }
        },
        "line": 64
      },
      "11": {
        "name": "(anonymous_11)",
        "decl": {
          "start": {
            "line": 68,
            "column": 21
          },
          "end": {
            "line": 68,
            "column": 22
          }
        },
        "loc": {
          "start": {
            "line": 68,
            "column": 28
          },
          "end": {
            "line": 78,
            "column": 3
          }
        },
        "line": 68
      },
      "12": {
        "name": "(anonymous_12)",
        "decl": {
          "start": {
            "line": 70,
            "column": 6
          },
          "end": {
            "line": 70,
            "column": 7
          }
        },
        "loc": {
          "start": {
            "line": 70,
            "column": 13
          },
          "end": {
            "line": 70,
            "column": 41
          }
        },
        "line": 70
      },
      "13": {
        "name": "(anonymous_13)",
        "decl": {
          "start": {
            "line": 75,
            "column": 6
          },
          "end": {
            "line": 75,
            "column": 7
          }
        },
        "loc": {
          "start": {
            "line": 75,
            "column": 13
          },
          "end": {
            "line": 75,
            "column": 40
          }
        },
        "line": 75
      },
      "14": {
        "name": "(anonymous_14)",
        "decl": {
          "start": {
            "line": 80,
            "column": 17
          },
          "end": {
            "line": 80,
            "column": 18
          }
        },
        "loc": {
          "start": {
            "line": 80,
            "column": 23
          },
          "end": {
            "line": 82,
            "column": 3
          }
        },
        "line": 80
      },
      "15": {
        "name": "(anonymous_15)",
        "decl": {
          "start": {
            "line": 102,
            "column": 18
          },
          "end": {
            "line": 102,
            "column": 19
          }
        },
        "loc": {
          "start": {
            "line": 103,
            "column": 12
          },
          "end": {
            "line": 107,
            "column": 14
          }
        },
        "line": 103
      },
      "16": {
        "name": "(anonymous_16)",
        "decl": {
          "start": {
            "line": 113,
            "column": 18
          },
          "end": {
            "line": 113,
            "column": 19
          }
        },
        "loc": {
          "start": {
            "line": 113,
            "column": 24
          },
          "end": {
            "line": 113,
            "column": 61
          }
        },
        "line": 113
      },
      "17": {
        "name": "(anonymous_17)",
        "decl": {
          "start": {
            "line": 118,
            "column": 18
          },
          "end": {
            "line": 118,
            "column": 19
          }
        },
        "loc": {
          "start": {
            "line": 119,
            "column": 12
          },
          "end": {
            "line": 124,
            "column": 14
          }
        },
        "line": 119
      },
      "18": {
        "name": "(anonymous_18)",
        "decl": {
          "start": {
            "line": 127,
            "column": 41
          },
          "end": {
            "line": 127,
            "column": 42
          }
        },
        "loc": {
          "start": {
            "line": 127,
            "column": 47
          },
          "end": {
            "line": 127,
            "column": 75
          }
        },
        "line": 127
      },
      "19": {
        "name": "(anonymous_19)",
        "decl": {
          "start": {
            "line": 131,
            "column": 18
          },
          "end": {
            "line": 131,
            "column": 19
          }
        },
        "loc": {
          "start": {
            "line": 131,
            "column": 33
          },
          "end": {
            "line": 136,
            "column": 11
          }
        },
        "line": 131
      },
      "20": {
        "name": "(anonymous_20)",
        "decl": {
          "start": {
            "line": 133,
            "column": 14
          },
          "end": {
            "line": 133,
            "column": 15
          }
        },
        "loc": {
          "start": {
            "line": 133,
            "column": 21
          },
          "end": {
            "line": 133,
            "column": 53
          }
        },
        "line": 133
      },
      "21": {
        "name": "(anonymous_21)",
        "decl": {
          "start": {
            "line": 138,
            "column": 38
          },
          "end": {
            "line": 138,
            "column": 39
          }
        },
        "loc": {
          "start": {
            "line": 138,
            "column": 44
          },
          "end": {
            "line": 138,
            "column": 52
          }
        },
        "line": 138
      },
      "22": {
        "name": "(anonymous_22)",
        "decl": {
          "start": {
            "line": 139,
            "column": 32
          },
          "end": {
            "line": 139,
            "column": 33
          }
        },
        "loc": {
          "start": {
            "line": 139,
            "column": 38
          },
          "end": {
            "line": 139,
            "column": 47
          }
        },
        "line": 139
      }
    },
    "branchMap": {
      "0": {
        "loc": {
          "start": {
            "line": 36,
            "column": 8
          },
          "end": {
            "line": 36,
            "column": 67
          }
        },
        "type": "binary-expr",
        "locations": [
          {
            "start": {
              "line": 36,
              "column": 8
            },
            "end": {
              "line": 36,
              "column": 20
            }
          },
          {
            "start": {
              "line": 36,
              "column": 24
            },
            "end": {
              "line": 36,
              "column": 36
            }
          },
          {
            "start": {
              "line": 36,
              "column": 40
            },
            "end": {
              "line": 36,
              "column": 52
            }
          },
          {
            "start": {
              "line": 36,
              "column": 56
            },
            "end": {
              "line": 36,
              "column": 67
            }
          }
        ],
        "line": 36
      },
      "1": {
        "loc": {
          "start": {
            "line": 37,
            "column": 6
          },
          "end": {
            "line": 37,
            "column": 52
          }
        },
        "type": "if",
        "locations": [
          {
            "start": {
              "line": 37,
              "column": 6
            },
            "end": {
              "line": 37,
              "column": 52
            }
          },
          {
            "start": {
              "line": 37,
              "column": 6
            },
            "end": {
              "line": 37,
              "column": 52
            }
          }
        ],
        "line": 37
      },
      "2": {
        "loc": {
          "start": {
            "line": 41,
            "column": 4
          },
          "end": {
            "line": 41,
            "column": 61
          }
        },
        "type": "cond-expr",
        "locations": [
          {
            "start": {
              "line": 41,
              "column": 12
            },
            "end": {
              "line": 41,
              "column": 47
            }
          },
          {
            "start": {
              "line": 41,
              "column": 50
            },
            "end": {
              "line": 41,
              "column": 61
            }
          }
        ],
        "line": 41
      },
      "3": {
        "loc": {
          "start": {
            "line": 84,
            "column": 19
          },
          "end": {
            "line": 88,
            "column": 3
          }
        },
        "type": "cond-expr",
        "locations": [
          {
            "start": {
              "line": 85,
              "column": 4
            },
            "end": {
              "line": 85,
              "column": 36
            }
          },
          {
            "start": {
              "line": 87,
              "column": 4
            },
            "end": {
              "line": 87,
              "column": 34
            }
          }
        ],
        "line": 84
      }
    },
    "s": {
      "0": 7,
      "1": 66,
      "2": 66,
      "3": 66,
      "4": 66,
      "5": 66,
      "6": 14,
      "7": 14,
      "8": 14,
      "9": 14,
      "10": 66,
      "11": 2,
      "12": 2,
      "13": 10,
      "14": 10,
      "15": 10,
      "16": 10,
      "17": 10,
      "18": 10,
      "19": 10,
      "20": 10,
      "21": 0,
      "22": 2,
      "23": 2,
      "24": 66,
      "25": 7,
      "26": 35,
      "27": 7,
      "28": 66,
      "29": 0,
      "30": 0,
      "31": 0,
      "32": 66,
      "33": 2,
      "34": 10,
      "35": 2,
      "36": 66,
      "37": 4,
      "38": 20,
      "39": 4,
      "40": 4,
      "41": 4,
      "42": 4,
      "43": 66,
      "44": 0,
      "45": 66,
      "46": 66,
      "47": 13,
      "48": 18,
      "49": 1,
      "50": 0,
      "51": 2,
      "52": 10,
      "53": 2,
      "54": 2,
      "55": 0
    },
    "f": {
      "0": 66,
      "1": 14,
      "2": 14,
      "3": 14,
      "4": 2,
      "5": 10,
      "6": 7,
      "7": 35,
      "8": 0,
      "9": 2,
      "10": 10,
      "11": 4,
      "12": 20,
      "13": 4,
      "14": 0,
      "15": 13,
      "16": 18,
      "17": 1,
      "18": 0,
      "19": 2,
      "20": 10,
      "21": 2,
      "22": 0
    },
    "b": {
      "0": [
        10,
        0,
        0,
        0
      ],
      "1": [
        10,
        0
      ],
      "2": [
        0,
        2
      ],
      "3": [
        0,
        66
      ]
    },
    "_coverageSchema": "1a1c01bbd47fc00a2c39e90264f33305004495a9",
    "hash": "57e7befeae2ab7836ad4224ded4df543459bf5e0"
  },
  "/Users/jmedina/turing/3module/deadstock/src/index.js": {
    "path": "/Users/jmedina/turing/3module/deadstock/src/index.js",
    "statementMap": {
      "0": {
        "start": {
          "line": 7,
          "column": 13
        },
        "end": {
          "line": 7,
          "column": 65
        }
      },
      "1": {
        "start": {
          "line": 8,
          "column": 0
        },
        "end": {
          "line": 14,
          "column": 2
        }
      }
    },
    "fnMap": {},
    "branchMap": {},
    "s": {
      "0": 7,
      "1": 7
    },
    "f": {},
    "b": {},
    "_coverageSchema": "1a1c01bbd47fc00a2c39e90264f33305004495a9",
    "hash": "ef9845c861279a049fbd37978036f0390a8e879c"
  }
}