{
  "/Users/jmedina/turing/3module/deadstock/src/components/MUI/Drawer.js": {
    "path": "/Users/jmedina/turing/3module/deadstock/src/components/MUI/Drawer.js",
    "statementMap": {
      "0": {
        "start": {
          "line": 8,
          "column": 31
        },
        "end": {
          "line": 87,
          "column": 1
        }
      },
      "1": {
        "start": {
          "line": 9,
          "column": 28
        },
        "end": {
          "line": 11,
          "column": 4
        }
      },
      "2": {
        "start": {
          "line": 12,
          "column": 37
        },
        "end": {
          "line": 12,
          "column": 46
        }
      },
      "3": {
        "start": {
          "line": 13,
          "column": 19
        },
        "end": {
          "line": 19,
          "column": 3
        }
      },
      "4": {
        "start": {
          "line": 14,
          "column": 4
        },
        "end": {
          "line": 18,
          "column": 52
        }
      },
      "5": {
        "start": {
          "line": 21,
          "column": 23
        },
        "end": {
          "line": 30,
          "column": 3
        }
      },
      "6": {
        "start": {
          "line": 21,
          "column": 41
        },
        "end": {
          "line": 30,
          "column": 3
        }
      },
      "7": {
        "start": {
          "line": 22,
          "column": 4
        },
        "end": {
          "line": 27,
          "column": 5
        }
      },
      "8": {
        "start": {
          "line": 26,
          "column": 6
        },
        "end": {
          "line": 26,
          "column": 13
        }
      },
      "9": {
        "start": {
          "line": 29,
          "column": 4
        },
        "end": {
          "line": 29,
          "column": 43
        }
      },
      "10": {
        "start": {
          "line": 32,
          "column": 15
        },
        "end": {
          "line": 67,
          "column": 3
        }
      },
      "11": {
        "start": {
          "line": 33,
          "column": 4
        },
        "end": {
          "line": 66,
          "column": 10
        }
      },
      "12": {
        "start": {
          "line": 69,
          "column": 2
        },
        "end": {
          "line": 86,
          "column": 4
        }
      },
      "13": {
        "start": {
          "line": 89,
          "column": 0
        },
        "end": {
          "line": 93,
          "column": 13
        }
      }
    },
    "fnMap": {
      "0": {
        "name": "(anonymous_0)",
        "decl": {
          "start": {
            "line": 8,
            "column": 31
          },
          "end": {
            "line": 8,
            "column": 32
          }
        },
        "loc": {
          "start": {
            "line": 8,
            "column": 61
          },
          "end": {
            "line": 87,
            "column": 1
          }
        },
        "line": 8
      },
      "1": {
        "name": "(anonymous_1)",
        "decl": {
          "start": {
            "line": 13,
            "column": 19
          },
          "end": {
            "line": 13,
            "column": 20
          }
        },
        "loc": {
          "start": {
            "line": 13,
            "column": 33
          },
          "end": {
            "line": 19,
            "column": 3
          }
        },
        "line": 13
      },
      "2": {
        "name": "(anonymous_2)",
        "decl": {
          "start": {
            "line": 21,
            "column": 23
          },
          "end": {
            "line": 21,
            "column": 24
          }
        },
        "loc": {
          "start": {
            "line": 21,
            "column": 41
          },
          "end": {
            "line": 30,
            "column": 3
          }
        },
        "line": 21
      },
      "3": {
        "name": "(anonymous_3)",
        "decl": {
          "start": {
            "line": 21,
            "column": 41
          },
          "end": {
            "line": 21,
            "column": 42
          }
        },
        "loc": {
          "start": {
            "line": 21,
            "column": 52
          },
          "end": {
            "line": 30,
            "column": 3
          }
        },
        "line": 21
      },
      "4": {
        "name": "(anonymous_4)",
        "decl": {
          "start": {
            "line": 32,
            "column": 15
          },
          "end": {
            "line": 32,
            "column": 16
          }
        },
        "loc": {
          "start": {
            "line": 33,
            "column": 4
          },
          "end": {
            "line": 66,
            "column": 10
          }
        },
        "line": 33
      }
    },
    "branchMap": {
      "0": {
        "loc": {
          "start": {
            "line": 22,
            "column": 4
          },
          "end": {
            "line": 27,
            "column": 5
          }
        },
        "type": "if",
        "locations": [
          {
            "start": {
              "line": 22,
              "column": 4
            },
            "end": {
              "line": 27,
              "column": 5
            }
          },
          {
            "start": {
              "line": 22,
              "column": 4
            },
            "end": {
              "line": 27,
              "column": 5
            }
          }
        ],
        "line": 22
      },
      "1": {
        "loc": {
          "start": {
            "line": 23,
            "column": 6
          },
          "end": {
            "line": 24,
            "column": 52
          }
        },
        "type": "binary-expr",
        "locations": [
          {
            "start": {
              "line": 23,
              "column": 6
            },
            "end": {
              "line": 23,
              "column": 30
            }
          },
          {
            "start": {
              "line": 24,
              "column": 7
            },
            "end": {
              "line": 24,
              "column": 26
            }
          },
          {
            "start": {
              "line": 24,
              "column": 30
            },
            "end": {
              "line": 24,
              "column": 51
            }
          }
        ],
        "line": 23
      }
    },
    "s": {
      "0": 2,
      "1": 0,
      "2": 0,
      "3": 0,
      "4": 0,
      "5": 0,
      "6": 0,
      "7": 0,
      "8": 0,
      "9": 0,
      "10": 0,
      "11": 0,
      "12": 0,
      "13": 2
    },
    "f": {
      "0": 0,
      "1": 0,
      "2": 0,
      "3": 0,
      "4": 0
    },
    "b": {
      "0": [
        0,
        0
      ],
      "1": [
        0,
        0,
        0
      ]
    },
    "_coverageSchema": "1a1c01bbd47fc00a2c39e90264f33305004495a9",
    "hash": "61a452bb2a59365a8841976ae1515622c7bf7086"
  },
  "/Users/jmedina/turing/3module/deadstock/src/utils/formatData.js": {
    "path": "/Users/jmedina/turing/3module/deadstock/src/utils/formatData.js",
    "statementMap": {
      "0": {
        "start": {
          "line": 3,
          "column": 26
        },
        "end": {
          "line": 38,
          "column": 1
        }
      },
      "1": {
        "start": {
          "line": 17,
          "column": 6
        },
        "end": {
          "line": 17,
          "column": 10
        }
      },
      "2": {
        "start": {
          "line": 18,
          "column": 2
        },
        "end": {
          "line": 37,
          "column": 4
        }
      },
      "3": {
        "start": {
          "line": 21,
          "column": 18
        },
        "end": {
          "line": 21,
          "column": 47
        }
      }
    },
    "fnMap": {
      "0": {
        "name": "(anonymous_0)",
        "decl": {
          "start": {
            "line": 3,
            "column": 26
          },
          "end": {
            "line": 3,
            "column": 27
          }
        },
        "loc": {
          "start": {
            "line": 3,
            "column": 36
          },
          "end": {
            "line": 38,
            "column": 1
          }
        },
        "line": 3
      },
      "1": {
        "name": "(anonymous_1)",
        "decl": {
          "start": {
            "line": 21,
            "column": 6
          },
          "end": {
            "line": 21,
            "column": 7
          }
        },
        "loc": {
          "start": {
            "line": 21,
            "column": 18
          },
          "end": {
            "line": 21,
            "column": 47
          }
        },
        "line": 21
      }
    },
    "branchMap": {
      "0": {
        "loc": {
          "start": {
            "line": 21,
            "column": 18
          },
          "end": {
            "line": 21,
            "column": 47
          }
        },
        "type": "binary-expr",
        "locations": [
          {
            "start": {
              "line": 21,
              "column": 18
            },
            "end": {
              "line": 21,
              "column": 38
            }
          },
          {
            "start": {
              "line": 21,
              "column": 42
            },
            "end": {
              "line": 21,
              "column": 47
            }
          }
        ],
        "line": 21
      },
      "1": {
        "loc": {
          "start": {
            "line": 23,
            "column": 11
          },
          "end": {
            "line": 23,
            "column": 25
          }
        },
        "type": "binary-expr",
        "locations": [
          {
            "start": {
              "line": 23,
              "column": 11
            },
            "end": {
              "line": 23,
              "column": 16
            }
          },
          {
            "start": {
              "line": 23,
              "column": 20
            },
            "end": {
              "line": 23,
              "column": 25
            }
          }
        ],
        "line": 23
      },
      "2": {
        "loc": {
          "start": {
            "line": 24,
            "column": 10
          },
          "end": {
            "line": 24,
            "column": 63
          }
        },
        "type": "binary-expr",
        "locations": [
          {
            "start": {
              "line": 24,
              "column": 10
            },
            "end": {
              "line": 24,
              "column": 14
            }
          },
          {
            "start": {
              "line": 24,
              "column": 18
            },
            "end": {
              "line": 24,
              "column": 63
            }
          }
        ],
        "line": 24
      },
      "3": {
        "loc": {
          "start": {
            "line": 24,
            "column": 27
          },
          "end": {
            "line": 24,
            "column": 40
          }
        },
        "type": "binary-expr",
        "locations": [
          {
            "start": {
              "line": 24,
              "column": 27
            },
            "end": {
              "line": 24,
              "column": 31
            }
          },
          {
            "start": {
              "line": 24,
              "column": 35
            },
            "end": {
              "line": 24,
              "column": 40
            }
          }
        ],
        "line": 24
      },
      "4": {
        "loc": {
          "start": {
            "line": 26,
            "column": 6
          },
          "end": {
            "line": 28,
            "column": 42
          }
        },
        "type": "cond-expr",
        "locations": [
          {
            "start": {
              "line": 27,
              "column": 10
            },
            "end": {
              "line": 27,
              "column": 30
            }
          },
          {
            "start": {
              "line": 28,
              "column": 10
            },
            "end": {
              "line": 28,
              "column": 42
            }
          }
        ],
        "line": 26
      },
      "5": {
        "loc": {
          "start": {
            "line": 32,
            "column": 14
          },
          "end": {
            "line": 32,
            "column": 27
          }
        },
        "type": "binary-expr",
        "locations": [
          {
            "start": {
              "line": 32,
              "column": 14
            },
            "end": {
              "line": 32,
              "column": 22
            }
          },
          {
            "start": {
              "line": 32,
              "column": 26
            },
            "end": {
              "line": 32,
              "column": 27
            }
          }
        ],
        "line": 32
      },
      "6": {
        "loc": {
          "start": {
            "line": 33,
            "column": 13
          },
          "end": {
            "line": 33,
            "column": 69
          }
        },
        "type": "binary-expr",
        "locations": [
          {
            "start": {
              "line": 33,
              "column": 13
            },
            "end": {
              "line": 33,
              "column": 20
            }
          },
          {
            "start": {
              "line": 33,
              "column": 24
            },
            "end": {
              "line": 33,
              "column": 69
            }
          }
        ],
        "line": 33
      },
      "7": {
        "loc": {
          "start": {
            "line": 33,
            "column": 33
          },
          "end": {
            "line": 33,
            "column": 46
          }
        },
        "type": "binary-expr",
        "locations": [
          {
            "start": {
              "line": 33,
              "column": 33
            },
            "end": {
              "line": 33,
              "column": 37
            }
          },
          {
            "start": {
              "line": 33,
              "column": 41
            },
            "end": {
              "line": 33,
              "column": 46
            }
          }
        ],
        "line": 33
      },
      "8": {
        "loc": {
          "start": {
            "line": 35,
            "column": 9
          },
          "end": {
            "line": 35,
            "column": 23
          }
        },
        "type": "binary-expr",
        "locations": [
          {
            "start": {
              "line": 35,
              "column": 9
            },
            "end": {
              "line": 35,
              "column": 12
            }
          },
          {
            "start": {
              "line": 35,
              "column": 16
            },
            "end": {
              "line": 35,
              "column": 23
            }
          }
        ],
        "line": 35
      }
    },
    "s": {
      "0": 2,
      "1": 30,
      "2": 30,
      "3": 192
    },
    "f": {
      "0": 30,
      "1": 192
    },
    "b": {
      "0": [
        192,
        0
      ],
      "1": [
        30,
        0
      ],
      "2": [
        30,
        0
      ],
      "3": [
        0,
        0
      ],
      "4": [
        20,
        10
      ],
      "5": [
        30,
        0
      ],
      "6": [
        30,
        0
      ],
      "7": [
        0,
        0
      ],
      "8": [
        30,
        0
      ]
    },
    "_coverageSchema": "1a1c01bbd47fc00a2c39e90264f33305004495a9",
    "hash": "6e7d9301732ad20a6f5bc8a0b184b7071b685167"
  },
  "/Users/jmedina/turing/3module/deadstock/src/utils/apiCalls.js": {
    "path": "/Users/jmedina/turing/3module/deadstock/src/utils/apiCalls.js",
    "statementMap": {
      "0": {
        "start": {
          "line": 5,
          "column": 18
        },
        "end": {
          "line": 15,
          "column": 1
        }
      },
      "1": {
        "start": {
          "line": 6,
          "column": 2
        },
        "end": {
          "line": 14,
          "column": 3
        }
      },
      "2": {
        "start": {
          "line": 7,
          "column": 21
        },
        "end": {
          "line": 7,
          "column": 69
        }
      },
      "3": {
        "start": {
          "line": 8,
          "column": 17
        },
        "end": {
          "line": 8,
          "column": 38
        }
      },
      "4": {
        "start": {
          "line": 10,
          "column": 6
        },
        "end": {
          "line": 10,
          "column": 77
        }
      },
      "5": {
        "start": {
          "line": 10,
          "column": 53
        },
        "end": {
          "line": 10,
          "column": 69
        }
      },
      "6": {
        "start": {
          "line": 11,
          "column": 4
        },
        "end": {
          "line": 11,
          "column": 16
        }
      },
      "7": {
        "start": {
          "line": 13,
          "column": 4
        },
        "end": {
          "line": 13,
          "column": 23
        }
      },
      "8": {
        "start": {
          "line": 17,
          "column": 18
        },
        "end": {
          "line": 26,
          "column": 1
        }
      },
      "9": {
        "start": {
          "line": 18,
          "column": 2
        },
        "end": {
          "line": 25,
          "column": 3
        }
      },
      "10": {
        "start": {
          "line": 19,
          "column": 21
        },
        "end": {
          "line": 19,
          "column": 77
        }
      },
      "11": {
        "start": {
          "line": 20,
          "column": 17
        },
        "end": {
          "line": 20,
          "column": 38
        }
      },
      "12": {
        "start": {
          "line": 21,
          "column": 17
        },
        "end": {
          "line": 21,
          "column": 33
        }
      },
      "13": {
        "start": {
          "line": 22,
          "column": 4
        },
        "end": {
          "line": 22,
          "column": 16
        }
      },
      "14": {
        "start": {
          "line": 24,
          "column": 4
        },
        "end": {
          "line": 24,
          "column": 23
        }
      },
      "15": {
        "start": {
          "line": 28,
          "column": 18
        },
        "end": {
          "line": 43,
          "column": 1
        }
      },
      "16": {
        "start": {
          "line": 29,
          "column": 2
        },
        "end": {
          "line": 42,
          "column": 3
        }
      },
      "17": {
        "start": {
          "line": 30,
          "column": 21
        },
        "end": {
          "line": 37,
          "column": 5
        }
      },
      "18": {
        "start": {
          "line": 38,
          "column": 17
        },
        "end": {
          "line": 38,
          "column": 38
        }
      },
      "19": {
        "start": {
          "line": 39,
          "column": 4
        },
        "end": {
          "line": 39,
          "column": 16
        }
      },
      "20": {
        "start": {
          "line": 41,
          "column": 4
        },
        "end": {
          "line": 41,
          "column": 23
        }
      },
      "21": {
        "start": {
          "line": 45,
          "column": 17
        },
        "end": {
          "line": 59,
          "column": 1
        }
      },
      "22": {
        "start": {
          "line": 46,
          "column": 2
        },
        "end": {
          "line": 58,
          "column": 3
        }
      },
      "23": {
        "start": {
          "line": 47,
          "column": 21
        },
        "end": {
          "line": 51,
          "column": 6
        }
      },
      "24": {
        "start": {
          "line": 52,
          "column": 17
        },
        "end": {
          "line": 52,
          "column": 38
        }
      },
      "25": {
        "start": {
          "line": 53,
          "column": 17
        },
        "end": {
          "line": 53,
          "column": 61
        }
      },
      "26": {
        "start": {
          "line": 53,
          "column": 44
        },
        "end": {
          "line": 53,
          "column": 60
        }
      },
      "27": {
        "start": {
          "line": 55,
          "column": 4
        },
        "end": {
          "line": 55,
          "column": 16
        }
      },
      "28": {
        "start": {
          "line": 57,
          "column": 4
        },
        "end": {
          "line": 57,
          "column": 23
        }
      },
      "29": {
        "start": {
          "line": 61,
          "column": 16
        },
        "end": {
          "line": 77,
          "column": 1
        }
      },
      "30": {
        "start": {
          "line": 62,
          "column": 2
        },
        "end": {
          "line": 76,
          "column": 3
        }
      },
      "31": {
        "start": {
          "line": 63,
          "column": 21
        },
        "end": {
          "line": 70,
          "column": 5
        }
      },
      "32": {
        "start": {
          "line": 71,
          "column": 17
        },
        "end": {
          "line": 71,
          "column": 38
        }
      },
      "33": {
        "start": {
          "line": 72,
          "column": 17
        },
        "end": {
          "line": 72,
          "column": 61
        }
      },
      "34": {
        "start": {
          "line": 72,
          "column": 44
        },
        "end": {
          "line": 72,
          "column": 60
        }
      },
      "35": {
        "start": {
          "line": 73,
          "column": 4
        },
        "end": {
          "line": 73,
          "column": 16
        }
      },
      "36": {
        "start": {
          "line": 75,
          "column": 4
        },
        "end": {
          "line": 75,
          "column": 23
        }
      },
      "37": {
        "start": {
          "line": 79,
          "column": 19
        },
        "end": {
          "line": 91,
          "column": 1
        }
      },
      "38": {
        "start": {
          "line": 80,
          "column": 2
        },
        "end": {
          "line": 90,
          "column": 3
        }
      },
      "39": {
        "start": {
          "line": 81,
          "column": 21
        },
        "end": {
          "line": 84,
          "column": 6
        }
      },
      "40": {
        "start": {
          "line": 85,
          "column": 17
        },
        "end": {
          "line": 85,
          "column": 38
        }
      },
      "41": {
        "start": {
          "line": 86,
          "column": 17
        },
        "end": {
          "line": 86,
          "column": 61
        }
      },
      "42": {
        "start": {
          "line": 86,
          "column": 44
        },
        "end": {
          "line": 86,
          "column": 60
        }
      },
      "43": {
        "start": {
          "line": 87,
          "column": 4
        },
        "end": {
          "line": 87,
          "column": 16
        }
      },
      "44": {
        "start": {
          "line": 89,
          "column": 4
        },
        "end": {
          "line": 89,
          "column": 23
        }
      }
    },
    "fnMap": {
      "0": {
        "name": "(anonymous_0)",
        "decl": {
          "start": {
            "line": 5,
            "column": 18
          },
          "end": {
            "line": 5,
            "column": 19
          }
        },
        "loc": {
          "start": {
            "line": 5,
            "column": 34
          },
          "end": {
            "line": 15,
            "column": 1
          }
        },
        "line": 5
      },
      "1": {
        "name": "(anonymous_1)",
        "decl": {
          "start": {
            "line": 10,
            "column": 43
          },
          "end": {
            "line": 10,
            "column": 44
          }
        },
        "loc": {
          "start": {
            "line": 10,
            "column": 53
          },
          "end": {
            "line": 10,
            "column": 69
          }
        },
        "line": 10
      },
      "2": {
        "name": "(anonymous_2)",
        "decl": {
          "start": {
            "line": 17,
            "column": 18
          },
          "end": {
            "line": 17,
            "column": 19
          }
        },
        "loc": {
          "start": {
            "line": 17,
            "column": 32
          },
          "end": {
            "line": 26,
            "column": 1
          }
        },
        "line": 17
      },
      "3": {
        "name": "(anonymous_3)",
        "decl": {
          "start": {
            "line": 28,
            "column": 18
          },
          "end": {
            "line": 28,
            "column": 19
          }
        },
        "loc": {
          "start": {
            "line": 28,
            "column": 48
          },
          "end": {
            "line": 43,
            "column": 1
          }
        },
        "line": 28
      },
      "4": {
        "name": "(anonymous_4)",
        "decl": {
          "start": {
            "line": 45,
            "column": 17
          },
          "end": {
            "line": 45,
            "column": 18
          }
        },
        "loc": {
          "start": {
            "line": 45,
            "column": 36
          },
          "end": {
            "line": 59,
            "column": 1
          }
        },
        "line": 45
      },
      "5": {
        "name": "(anonymous_5)",
        "decl": {
          "start": {
            "line": 53,
            "column": 34
          },
          "end": {
            "line": 53,
            "column": 35
          }
        },
        "loc": {
          "start": {
            "line": 53,
            "column": 44
          },
          "end": {
            "line": 53,
            "column": 60
          }
        },
        "line": 53
      },
      "6": {
        "name": "(anonymous_6)",
        "decl": {
          "start": {
            "line": 61,
            "column": 16
          },
          "end": {
            "line": 61,
            "column": 17
          }
        },
        "loc": {
          "start": {
            "line": 61,
            "column": 35
          },
          "end": {
            "line": 77,
            "column": 1
          }
        },
        "line": 61
      },
      "7": {
        "name": "(anonymous_7)",
        "decl": {
          "start": {
            "line": 72,
            "column": 34
          },
          "end": {
            "line": 72,
            "column": 35
          }
        },
        "loc": {
          "start": {
            "line": 72,
            "column": 44
          },
          "end": {
            "line": 72,
            "column": 60
          }
        },
        "line": 72
      },
      "8": {
        "name": "(anonymous_8)",
        "decl": {
          "start": {
            "line": 79,
            "column": 19
          },
          "end": {
            "line": 79,
            "column": 20
          }
        },
        "loc": {
          "start": {
            "line": 79,
            "column": 33
          },
          "end": {
            "line": 91,
            "column": 1
          }
        },
        "line": 79
      },
      "9": {
        "name": "(anonymous_9)",
        "decl": {
          "start": {
            "line": 86,
            "column": 34
          },
          "end": {
            "line": 86,
            "column": 35
          }
        },
        "loc": {
          "start": {
            "line": 86,
            "column": 44
          },
          "end": {
            "line": 86,
            "column": 60
          }
        },
        "line": 86
      }
    },
    "branchMap": {
      "0": {
        "loc": {
          "start": {
            "line": 10,
            "column": 6
          },
          "end": {
            "line": 10,
            "column": 77
          }
        },
        "type": "cond-expr",
        "locations": [
          {
            "start": {
              "line": 10,
              "column": 29
            },
            "end": {
              "line": 10,
              "column": 70
            }
          },
          {
            "start": {
              "line": 10,
              "column": 73
            },
            "end": {
              "line": 10,
              "column": 77
            }
          }
        ],
        "line": 10
      }
    },
    "s": {
      "0": 2,
      "1": 4,
      "2": 4,
      "3": 2,
      "4": 2,
      "5": 10,
      "6": 2,
      "7": 0,
      "8": 2,
      "9": 0,
      "10": 0,
      "11": 0,
      "12": 0,
      "13": 0,
      "14": 0,
      "15": 2,
      "16": 1,
      "17": 1,
      "18": 1,
      "19": 1,
      "20": 0,
      "21": 2,
      "22": 0,
      "23": 0,
      "24": 0,
      "25": 0,
      "26": 0,
      "27": 0,
      "28": 0,
      "29": 2,
      "30": 1,
      "31": 1,
      "32": 1,
      "33": 1,
      "34": 0,
      "35": 0,
      "36": 1,
      "37": 2,
      "38": 0,
      "39": 0,
      "40": 0,
      "41": 0,
      "42": 0,
      "43": 0,
      "44": 0
    },
    "f": {
      "0": 4,
      "1": 10,
      "2": 0,
      "3": 1,
      "4": 0,
      "5": 0,
      "6": 1,
      "7": 0,
      "8": 0,
      "9": 0
    },
    "b": {
      "0": [
        2,
        0
      ]
    },
    "_coverageSchema": "1a1c01bbd47fc00a2c39e90264f33305004495a9",
    "hash": "6e79340a31122f1fbc65b25d75312e26f9e35341"
  },
  "/Users/jmedina/turing/3module/deadstock/src/components/DetailedView/DetailedView.js": {
    "path": "/Users/jmedina/turing/3module/deadstock/src/components/DetailedView/DetailedView.js",
    "statementMap": {
      "0": {
        "start": {
          "line": 8,
          "column": 21
        },
        "end": {
          "line": 41,
          "column": 1
        }
      },
      "1": {
        "start": {
          "line": 9,
          "column": 17
        },
        "end": {
          "line": 9,
          "column": 28
        }
      },
      "2": {
        "start": {
          "line": 10,
          "column": 26
        },
        "end": {
          "line": 10,
          "column": 36
        }
      },
      "3": {
        "start": {
          "line": 12,
          "column": 2
        },
        "end": {
          "line": 14,
          "column": 19
        }
      },
      "4": {
        "start": {
          "line": 13,
          "column": 4
        },
        "end": {
          "line": 13,
          "column": 75
        }
      },
      "5": {
        "start": {
          "line": 13,
          "column": 60
        },
        "end": {
          "line": 13,
          "column": 73
        }
      },
      "6": {
        "start": {
          "line": 16,
          "column": 2
        },
        "end": {
          "line": 40,
          "column": 4
        }
      },
      "7": {
        "start": {
          "line": 43,
          "column": 0
        },
        "end": {
          "line": 55,
          "column": 2
        }
      }
    },
    "fnMap": {
      "0": {
        "name": "(anonymous_0)",
        "decl": {
          "start": {
            "line": 8,
            "column": 21
          },
          "end": {
            "line": 8,
            "column": 22
          }
        },
        "loc": {
          "start": {
            "line": 8,
            "column": 37
          },
          "end": {
            "line": 41,
            "column": 1
          }
        },
        "line": 8
      },
      "1": {
        "name": "(anonymous_1)",
        "decl": {
          "start": {
            "line": 12,
            "column": 12
          },
          "end": {
            "line": 12,
            "column": 13
          }
        },
        "loc": {
          "start": {
            "line": 12,
            "column": 18
          },
          "end": {
            "line": 14,
            "column": 3
          }
        },
        "line": 12
      },
      "2": {
        "name": "(anonymous_2)",
        "decl": {
          "start": {
            "line": 13,
            "column": 50
          },
          "end": {
            "line": 13,
            "column": 51
          }
        },
        "loc": {
          "start": {
            "line": 13,
            "column": 60
          },
          "end": {
            "line": 13,
            "column": 73
          }
        },
        "line": 13
      }
    },
    "branchMap": {
      "0": {
        "loc": {
          "start": {
            "line": 13,
            "column": 4
          },
          "end": {
            "line": 13,
            "column": 74
          }
        },
        "type": "cond-expr",
        "locations": [
          {
            "start": {
              "line": 13,
              "column": 13
            },
            "end": {
              "line": 13,
              "column": 28
            }
          },
          {
            "start": {
              "line": 13,
              "column": 31
            },
            "end": {
              "line": 13,
              "column": 74
            }
          }
        ],
        "line": 13
      },
      "1": {
        "loc": {
          "start": {
            "line": 17,
            "column": 4
          },
          "end": {
            "line": 39,
            "column": 5
          }
        },
        "type": "binary-expr",
        "locations": [
          {
            "start": {
              "line": 17,
              "column": 4
            },
            "end": {
              "line": 17,
              "column": 8
            }
          },
          {
            "start": {
              "line": 18,
              "column": 6
            },
            "end": {
              "line": 38,
              "column": 12
            }
          }
        ],
        "line": 17
      }
    },
    "s": {
      "0": 2,
      "1": 0,
      "2": 0,
      "3": 0,
      "4": 0,
      "5": 0,
      "6": 0,
      "7": 2
    },
    "f": {
      "0": 0,
      "1": 0,
      "2": 0
    },
    "b": {
      "0": [
        0,
        0
      ],
      "1": [
        0,
        0
      ]
    },
    "_coverageSchema": "1a1c01bbd47fc00a2c39e90264f33305004495a9",
    "hash": "4e6575c67ccabde1458df08ab501a8b9401cd5fa"
  },
  "/Users/jmedina/turing/3module/deadstock/src/components/MUI/Modal.js": {
    "path": "/Users/jmedina/turing/3module/deadstock/src/components/MUI/Modal.js",
    "statementMap": {
      "0": {
        "start": {
          "line": 7,
          "column": 14
        },
        "end": {
          "line": 17,
          "column": 1
        }
      },
      "1": {
        "start": {
          "line": 19,
          "column": 26
        },
        "end": {
          "line": 37,
          "column": 1
        }
      },
      "2": {
        "start": {
          "line": 20,
          "column": 26
        },
        "end": {
          "line": 20,
          "column": 41
        }
      },
      "3": {
        "start": {
          "line": 21,
          "column": 21
        },
        "end": {
          "line": 21,
          "column": 40
        }
      },
      "4": {
        "start": {
          "line": 21,
          "column": 27
        },
        "end": {
          "line": 21,
          "column": 40
        }
      },
      "5": {
        "start": {
          "line": 22,
          "column": 22
        },
        "end": {
          "line": 22,
          "column": 42
        }
      },
      "6": {
        "start": {
          "line": 22,
          "column": 28
        },
        "end": {
          "line": 22,
          "column": 42
        }
      },
      "7": {
        "start": {
          "line": 24,
          "column": 2
        },
        "end": {
          "line": 36,
          "column": 4
        }
      },
      "8": {
        "start": {
          "line": 39,
          "column": 0
        },
        "end": {
          "line": 41,
          "column": 2
        }
      }
    },
    "fnMap": {
      "0": {
        "name": "(anonymous_0)",
        "decl": {
          "start": {
            "line": 19,
            "column": 26
          },
          "end": {
            "line": 19,
            "column": 27
          }
        },
        "loc": {
          "start": {
            "line": 19,
            "column": 43
          },
          "end": {
            "line": 37,
            "column": 1
          }
        },
        "line": 19
      },
      "1": {
        "name": "(anonymous_1)",
        "decl": {
          "start": {
            "line": 21,
            "column": 21
          },
          "end": {
            "line": 21,
            "column": 22
          }
        },
        "loc": {
          "start": {
            "line": 21,
            "column": 27
          },
          "end": {
            "line": 21,
            "column": 40
          }
        },
        "line": 21
      },
      "2": {
        "name": "(anonymous_2)",
        "decl": {
          "start": {
            "line": 22,
            "column": 22
          },
          "end": {
            "line": 22,
            "column": 23
          }
        },
        "loc": {
          "start": {
            "line": 22,
            "column": 28
          },
          "end": {
            "line": 22,
            "column": 42
          }
        },
        "line": 22
      }
    },
    "branchMap": {},
    "s": {
      "0": 2,
      "1": 2,
      "2": 0,
      "3": 0,
      "4": 0,
      "5": 0,
      "6": 0,
      "7": 0,
      "8": 2
    },
    "f": {
      "0": 0,
      "1": 0,
      "2": 0
    },
    "b": {},
    "_coverageSchema": "1a1c01bbd47fc00a2c39e90264f33305004495a9",
    "hash": "0410169fa8f37cb4ae7c52a27acf7131fd0464f5"
  },
  "/Users/jmedina/turing/3module/deadstock/src/components/user components/PostForm/PostForm.js": {
    "path": "/Users/jmedina/turing/3module/deadstock/src/components/user components/PostForm/PostForm.js",
    "statementMap": {
      "0": {
        "start": {
          "line": 9,
          "column": 17
        },
        "end": {
          "line": 132,
          "column": 1
        }
      },
      "1": {
        "start": {
          "line": 10,
          "column": 29
        },
        "end": {
          "line": 15,
          "column": 4
        }
      },
      "2": {
        "start": {
          "line": 16,
          "column": 30
        },
        "end": {
          "line": 16,
          "column": 42
        }
      },
      "3": {
        "start": {
          "line": 18,
          "column": 23
        },
        "end": {
          "line": 21,
          "column": 3
        }
      },
      "4": {
        "start": {
          "line": 19,
          "column": 28
        },
        "end": {
          "line": 19,
          "column": 40
        }
      },
      "5": {
        "start": {
          "line": 20,
          "column": 4
        },
        "end": {
          "line": 20,
          "column": 43
        }
      },
      "6": {
        "start": {
          "line": 23,
          "column": 24
        },
        "end": {
          "line": 31,
          "column": 3
        }
      },
      "7": {
        "start": {
          "line": 24,
          "column": 28
        },
        "end": {
          "line": 24,
          "column": 40
        }
      },
      "8": {
        "start": {
          "line": 25,
          "column": 4
        },
        "end": {
          "line": 30,
          "column": 5
        }
      },
      "9": {
        "start": {
          "line": 26,
          "column": 18
        },
        "end": {
          "line": 26,
          "column": 39
        }
      },
      "10": {
        "start": {
          "line": 27,
          "column": 21
        },
        "end": {
          "line": 27,
          "column": 37
        }
      },
      "11": {
        "start": {
          "line": 28,
          "column": 6
        },
        "end": {
          "line": 28,
          "column": 75
        }
      },
      "12": {
        "start": {
          "line": 28,
          "column": 28
        },
        "end": {
          "line": 28,
          "column": 74
        }
      },
      "13": {
        "start": {
          "line": 29,
          "column": 6
        },
        "end": {
          "line": 29,
          "column": 32
        }
      },
      "14": {
        "start": {
          "line": 32,
          "column": 22
        },
        "end": {
          "line": 39,
          "column": 3
        }
      },
      "15": {
        "start": {
          "line": 33,
          "column": 4
        },
        "end": {
          "line": 38,
          "column": 5
        }
      },
      "16": {
        "start": {
          "line": 34,
          "column": 6
        },
        "end": {
          "line": 34,
          "column": 23
        }
      },
      "17": {
        "start": {
          "line": 35,
          "column": 6
        },
        "end": {
          "line": 35,
          "column": 26
        }
      },
      "18": {
        "start": {
          "line": 37,
          "column": 6
        },
        "end": {
          "line": 37,
          "column": 37
        }
      },
      "19": {
        "start": {
          "line": 41,
          "column": 2
        },
        "end": {
          "line": 131,
          "column": 4
        }
      },
      "20": {
        "start": {
          "line": 57,
          "column": 12
        },
        "end": {
          "line": 57,
          "column": 28
        }
      },
      "21": {
        "start": {
          "line": 68,
          "column": 12
        },
        "end": {
          "line": 68,
          "column": 28
        }
      },
      "22": {
        "start": {
          "line": 78,
          "column": 12
        },
        "end": {
          "line": 78,
          "column": 28
        }
      },
      "23": {
        "start": {
          "line": 88,
          "column": 12
        },
        "end": {
          "line": 88,
          "column": 28
        }
      },
      "24": {
        "start": {
          "line": 98,
          "column": 12
        },
        "end": {
          "line": 98,
          "column": 28
        }
      },
      "25": {
        "start": {
          "line": 108,
          "column": 12
        },
        "end": {
          "line": 108,
          "column": 28
        }
      },
      "26": {
        "start": {
          "line": 119,
          "column": 12
        },
        "end": {
          "line": 119,
          "column": 28
        }
      },
      "27": {
        "start": {
          "line": 136,
          "column": 0
        },
        "end": {
          "line": 138,
          "column": 2
        }
      }
    },
    "fnMap": {
      "0": {
        "name": "(anonymous_0)",
        "decl": {
          "start": {
            "line": 9,
            "column": 17
          },
          "end": {
            "line": 9,
            "column": 18
          }
        },
        "loc": {
          "start": {
            "line": 9,
            "column": 39
          },
          "end": {
            "line": 132,
            "column": 1
          }
        },
        "line": 9
      },
      "1": {
        "name": "(anonymous_1)",
        "decl": {
          "start": {
            "line": 18,
            "column": 23
          },
          "end": {
            "line": 18,
            "column": 24
          }
        },
        "loc": {
          "start": {
            "line": 18,
            "column": 34
          },
          "end": {
            "line": 21,
            "column": 3
          }
        },
        "line": 18
      },
      "2": {
        "name": "(anonymous_2)",
        "decl": {
          "start": {
            "line": 23,
            "column": 24
          },
          "end": {
            "line": 23,
            "column": 25
          }
        },
        "loc": {
          "start": {
            "line": 23,
            "column": 35
          },
          "end": {
            "line": 31,
            "column": 3
          }
        },
        "line": 23
      },
      "3": {
        "name": "(anonymous_3)",
        "decl": {
          "start": {
            "line": 28,
            "column": 22
          },
          "end": {
            "line": 28,
            "column": 23
          }
        },
        "loc": {
          "start": {
            "line": 28,
            "column": 28
          },
          "end": {
            "line": 28,
            "column": 74
          }
        },
        "line": 28
      },
      "4": {
        "name": "(anonymous_4)",
        "decl": {
          "start": {
            "line": 32,
            "column": 22
          },
          "end": {
            "line": 32,
            "column": 23
          }
        },
        "loc": {
          "start": {
            "line": 32,
            "column": 28
          },
          "end": {
            "line": 39,
            "column": 3
          }
        },
        "line": 32
      },
      "5": {
        "name": "(anonymous_5)",
        "decl": {
          "start": {
            "line": 56,
            "column": 20
          },
          "end": {
            "line": 56,
            "column": 21
          }
        },
        "loc": {
          "start": {
            "line": 56,
            "column": 27
          },
          "end": {
            "line": 58,
            "column": 11
          }
        },
        "line": 56
      },
      "6": {
        "name": "(anonymous_6)",
        "decl": {
          "start": {
            "line": 67,
            "column": 20
          },
          "end": {
            "line": 67,
            "column": 21
          }
        },
        "loc": {
          "start": {
            "line": 67,
            "column": 27
          },
          "end": {
            "line": 69,
            "column": 11
          }
        },
        "line": 67
      },
      "7": {
        "name": "(anonymous_7)",
        "decl": {
          "start": {
            "line": 77,
            "column": 20
          },
          "end": {
            "line": 77,
            "column": 21
          }
        },
        "loc": {
          "start": {
            "line": 77,
            "column": 27
          },
          "end": {
            "line": 79,
            "column": 11
          }
        },
        "line": 77
      },
      "8": {
        "name": "(anonymous_8)",
        "decl": {
          "start": {
            "line": 87,
            "column": 20
          },
          "end": {
            "line": 87,
            "column": 21
          }
        },
        "loc": {
          "start": {
            "line": 87,
            "column": 27
          },
          "end": {
            "line": 89,
            "column": 11
          }
        },
        "line": 87
      },
      "9": {
        "name": "(anonymous_9)",
        "decl": {
          "start": {
            "line": 97,
            "column": 20
          },
          "end": {
            "line": 97,
            "column": 21
          }
        },
        "loc": {
          "start": {
            "line": 97,
            "column": 27
          },
          "end": {
            "line": 99,
            "column": 11
          }
        },
        "line": 97
      },
      "10": {
        "name": "(anonymous_10)",
        "decl": {
          "start": {
            "line": 107,
            "column": 20
          },
          "end": {
            "line": 107,
            "column": 21
          }
        },
        "loc": {
          "start": {
            "line": 107,
            "column": 27
          },
          "end": {
            "line": 109,
            "column": 11
          }
        },
        "line": 107
      },
      "11": {
        "name": "(anonymous_11)",
        "decl": {
          "start": {
            "line": 118,
            "column": 20
          },
          "end": {
            "line": 118,
            "column": 21
          }
        },
        "loc": {
          "start": {
            "line": 118,
            "column": 27
          },
          "end": {
            "line": 120,
            "column": 11
          }
        },
        "line": 118
      }
    },
    "branchMap": {
      "0": {
        "loc": {
          "start": {
            "line": 25,
            "column": 4
          },
          "end": {
            "line": 30,
            "column": 5
          }
        },
        "type": "if",
        "locations": [
          {
            "start": {
              "line": 25,
              "column": 4
            },
            "end": {
              "line": 30,
              "column": 5
            }
          },
          {
            "start": {
              "line": 25,
              "column": 4
            },
            "end": {
              "line": 30,
              "column": 5
            }
          }
        ],
        "line": 25
      },
      "1": {
        "loc": {
          "start": {
            "line": 25,
            "column": 8
          },
          "end": {
            "line": 25,
            "column": 25
          }
        },
        "type": "binary-expr",
        "locations": [
          {
            "start": {
              "line": 25,
              "column": 8
            },
            "end": {
              "line": 25,
              "column": 13
            }
          },
          {
            "start": {
              "line": 25,
              "column": 17
            },
            "end": {
              "line": 25,
              "column": 25
            }
          }
        ],
        "line": 25
      },
      "2": {
        "loc": {
          "start": {
            "line": 33,
            "column": 4
          },
          "end": {
            "line": 38,
            "column": 5
          }
        },
        "type": "if",
        "locations": [
          {
            "start": {
              "line": 33,
              "column": 4
            },
            "end": {
              "line": 38,
              "column": 5
            }
          },
          {
            "start": {
              "line": 33,
              "column": 4
            },
            "end": {
              "line": 38,
              "column": 5
            }
          }
        ],
        "line": 33
      }
    },
    "s": {
      "0": 2,
      "1": 0,
      "2": 0,
      "3": 0,
      "4": 0,
      "5": 0,
      "6": 0,
      "7": 0,
      "8": 0,
      "9": 0,
      "10": 0,
      "11": 0,
      "12": 0,
      "13": 0,
      "14": 0,
      "15": 0,
      "16": 0,
      "17": 0,
      "18": 0,
      "19": 0,
      "20": 0,
      "21": 0,
      "22": 0,
      "23": 0,
      "24": 0,
      "25": 0,
      "26": 0,
      "27": 2
    },
    "f": {
      "0": 0,
      "1": 0,
      "2": 0,
      "3": 0,
      "4": 0,
      "5": 0,
      "6": 0,
      "7": 0,
      "8": 0,
      "9": 0,
      "10": 0,
      "11": 0
    },
    "b": {
      "0": [
        0,
        0
      ],
      "1": [
        0,
        0
      ],
      "2": [
        0,
        0
      ]
    },
    "_coverageSchema": "1a1c01bbd47fc00a2c39e90264f33305004495a9",
    "hash": "faaf9187d381c6893900ba99bc241b6158eec7e3"
  },
  "/Users/jmedina/turing/3module/deadstock/src/components/MiniPost/MiniPost.js": {
    "path": "/Users/jmedina/turing/3module/deadstock/src/components/MiniPost/MiniPost.js",
    "statementMap": {
      "0": {
        "start": {
          "line": 6,
          "column": 17
        },
        "end": {
          "line": 16,
          "column": 1
        }
      },
      "1": {
        "start": {
          "line": 7,
          "column": 2
        },
        "end": {
          "line": 15,
          "column": 4
        }
      },
      "2": {
        "start": {
          "line": 20,
          "column": 0
        },
        "end": {
          "line": 26,
          "column": 13
        }
      }
    },
    "fnMap": {
      "0": {
        "name": "(anonymous_0)",
        "decl": {
          "start": {
            "line": 6,
            "column": 17
          },
          "end": {
            "line": 6,
            "column": 18
          }
        },
        "loc": {
          "start": {
            "line": 6,
            "column": 58
          },
          "end": {
            "line": 16,
            "column": 1
          }
        },
        "line": 6
      }
    },
    "branchMap": {},
    "s": {
      "0": 2,
      "1": 4,
      "2": 2
    },
    "f": {
      "0": 4
    },
    "b": {},
    "_coverageSchema": "1a1c01bbd47fc00a2c39e90264f33305004495a9",
    "hash": "9dbf32d2da66278f4d8fcd53bc729e483341f67b"
  },
  "/Users/jmedina/turing/3module/deadstock/src/components/SearchResults/SearchResults.js": {
    "path": "/Users/jmedina/turing/3module/deadstock/src/components/SearchResults/SearchResults.js",
    "statementMap": {
      "0": {
        "start": {
          "line": 6,
          "column": 22
        },
        "end": {
          "line": 26,
          "column": 1
        }
      },
      "1": {
        "start": {
          "line": 7,
          "column": 18
        },
        "end": {
          "line": 23,
          "column": 3
        }
      },
      "2": {
        "start": {
          "line": 9,
          "column": 6
        },
        "end": {
          "line": 15,
          "column": 8
        }
      },
      "3": {
        "start": {
          "line": 25,
          "column": 2
        },
        "end": {
          "line": 25,
          "column": 58
        }
      },
      "4": {
        "start": {
          "line": 30,
          "column": 0
        },
        "end": {
          "line": 32,
          "column": 2
        }
      }
    },
    "fnMap": {
      "0": {
        "name": "(anonymous_0)",
        "decl": {
          "start": {
            "line": 6,
            "column": 22
          },
          "end": {
            "line": 6,
            "column": 23
          }
        },
        "loc": {
          "start": {
            "line": 6,
            "column": 37
          },
          "end": {
            "line": 26,
            "column": 1
          }
        },
        "line": 6
      },
      "1": {
        "name": "(anonymous_1)",
        "decl": {
          "start": {
            "line": 8,
            "column": 14
          },
          "end": {
            "line": 8,
            "column": 15
          }
        },
        "loc": {
          "start": {
            "line": 9,
            "column": 6
          },
          "end": {
            "line": 15,
            "column": 8
          }
        },
        "line": 9
      }
    },
    "branchMap": {
      "0": {
        "loc": {
          "start": {
            "line": 7,
            "column": 18
          },
          "end": {
            "line": 23,
            "column": 3
          }
        },
        "type": "cond-expr",
        "locations": [
          {
            "start": {
              "line": 8,
              "column": 4
            },
            "end": {
              "line": 16,
              "column": 6
            }
          },
          {
            "start": {
              "line": 18,
              "column": 4
            },
            "end": {
              "line": 22,
              "column": 10
            }
          }
        ],
        "line": 7
      }
    },
    "s": {
      "0": 2,
      "1": 0,
      "2": 0,
      "3": 0,
      "4": 2
    },
    "f": {
      "0": 0,
      "1": 0
    },
    "b": {
      "0": [
        0,
        0
      ]
    },
    "_coverageSchema": "1a1c01bbd47fc00a2c39e90264f33305004495a9",
    "hash": "3d4ca2d278c6127b64e2bb27a0113607a2438e9f"
  },
  "/Users/jmedina/turing/3module/deadstock/src/components/Hero/Hero.js": {
    "path": "/Users/jmedina/turing/3module/deadstock/src/components/Hero/Hero.js",
    "statementMap": {
      "0": {
        "start": {
          "line": 8,
          "column": 13
        },
        "end": {
          "line": 60,
          "column": 1
        }
      },
      "1": {
        "start": {
          "line": 9,
          "column": 17
        },
        "end": {
          "line": 12,
          "column": 36
        }
      },
      "2": {
        "start": {
          "line": 12,
          "column": 19
        },
        "end": {
          "line": 12,
          "column": 35
        }
      },
      "3": {
        "start": {
          "line": 13,
          "column": 28
        },
        "end": {
          "line": 13,
          "column": 39
        }
      },
      "4": {
        "start": {
          "line": 15,
          "column": 24
        },
        "end": {
          "line": 28,
          "column": 4
        }
      },
      "5": {
        "start": {
          "line": 16,
          "column": 4
        },
        "end": {
          "line": 27,
          "column": 6
        }
      },
      "6": {
        "start": {
          "line": 30,
          "column": 22
        },
        "end": {
          "line": 34,
          "column": 3
        }
      },
      "7": {
        "start": {
          "line": 31,
          "column": 4
        },
        "end": {
          "line": 33,
          "column": 62
        }
      },
      "8": {
        "start": {
          "line": 36,
          "column": 2
        },
        "end": {
          "line": 59,
          "column": 4
        }
      },
      "9": {
        "start": {
          "line": 64,
          "column": 0
        },
        "end": {
          "line": 78,
          "column": 2
        }
      }
    },
    "fnMap": {
      "0": {
        "name": "(anonymous_0)",
        "decl": {
          "start": {
            "line": 8,
            "column": 13
          },
          "end": {
            "line": 8,
            "column": 14
          }
        },
        "loc": {
          "start": {
            "line": 8,
            "column": 32
          },
          "end": {
            "line": 60,
            "column": 1
          }
        },
        "line": 8
      },
      "1": {
        "name": "(anonymous_1)",
        "decl": {
          "start": {
            "line": 12,
            "column": 9
          },
          "end": {
            "line": 12,
            "column": 10
          }
        },
        "loc": {
          "start": {
            "line": 12,
            "column": 19
          },
          "end": {
            "line": 12,
            "column": 35
          }
        },
        "line": 12
      },
      "2": {
        "name": "(anonymous_2)",
        "decl": {
          "start": {
            "line": 15,
            "column": 35
          },
          "end": {
            "line": 15,
            "column": 36
          }
        },
        "loc": {
          "start": {
            "line": 15,
            "column": 52
          },
          "end": {
            "line": 28,
            "column": 3
          }
        },
        "line": 15
      },
      "3": {
        "name": "(anonymous_3)",
        "decl": {
          "start": {
            "line": 30,
            "column": 22
          },
          "end": {
            "line": 30,
            "column": 23
          }
        },
        "loc": {
          "start": {
            "line": 30,
            "column": 29
          },
          "end": {
            "line": 34,
            "column": 3
          }
        },
        "line": 30
      }
    },
    "branchMap": {
      "0": {
        "loc": {
          "start": {
            "line": 17,
            "column": 34
          },
          "end": {
            "line": 17,
            "column": 76
          }
        },
        "type": "cond-expr",
        "locations": [
          {
            "start": {
              "line": 17,
              "column": 52
            },
            "end": {
              "line": 17,
              "column": 66
            }
          },
          {
            "start": {
              "line": 17,
              "column": 69
            },
            "end": {
              "line": 17,
              "column": 76
            }
          }
        ],
        "line": 17
      },
      "1": {
        "loc": {
          "start": {
            "line": 18,
            "column": 9
          },
          "end": {
            "line": 25,
            "column": 9
          }
        },
        "type": "binary-expr",
        "locations": [
          {
            "start": {
              "line": 18,
              "column": 9
            },
            "end": {
              "line": 18,
              "column": 24
            }
          },
          {
            "start": {
              "line": 19,
              "column": 10
            },
            "end": {
              "line": 24,
              "column": 12
            }
          }
        ],
        "line": 18
      },
      "2": {
        "loc": {
          "start": {
            "line": 31,
            "column": 4
          },
          "end": {
            "line": 33,
            "column": 61
          }
        },
        "type": "cond-expr",
        "locations": [
          {
            "start": {
              "line": 32,
              "column": 8
            },
            "end": {
              "line": 32,
              "column": 61
            }
          },
          {
            "start": {
              "line": 33,
              "column": 8
            },
            "end": {
              "line": 33,
              "column": 61
            }
          }
        ],
        "line": 31
      },
      "3": {
        "loc": {
          "start": {
            "line": 32,
            "column": 17
          },
          "end": {
            "line": 32,
            "column": 60
          }
        },
        "type": "cond-expr",
        "locations": [
          {
            "start": {
              "line": 32,
              "column": 47
            },
            "end": {
              "line": 32,
              "column": 48
            }
          },
          {
            "start": {
              "line": 32,
              "column": 51
            },
            "end": {
              "line": 32,
              "column": 60
            }
          }
        ],
        "line": 32
      },
      "4": {
        "loc": {
          "start": {
            "line": 33,
            "column": 17
          },
          "end": {
            "line": 33,
            "column": 60
          }
        },
        "type": "cond-expr",
        "locations": [
          {
            "start": {
              "line": 33,
              "column": 31
            },
            "end": {
              "line": 33,
              "column": 48
            }
          },
          {
            "start": {
              "line": 33,
              "column": 51
            },
            "end": {
              "line": 33,
              "column": 60
            }
          }
        ],
        "line": 33
      }
    },
    "s": {
      "0": 2,
      "1": 8,
      "2": 20,
      "3": 8,
      "4": 8,
      "5": 20,
      "6": 8,
      "7": 0,
      "8": 8,
      "9": 2
    },
    "f": {
      "0": 8,
      "1": 20,
      "2": 20,
      "3": 0
    },
    "b": {
      "0": [
        4,
        16
      ],
      "1": [
        20,
        4
      ],
      "2": [
        0,
        0
      ],
      "3": [
        0,
        0
      ],
      "4": [
        0,
        0
      ]
    },
    "_coverageSchema": "1a1c01bbd47fc00a2c39e90264f33305004495a9",
    "hash": "17d88b87904a4bf54a188d8fbdd6b93ff3ce3f4a"
  },
  "/Users/jmedina/turing/3module/deadstock/src/components/user components/UserPost/UserPost.js": {
    "path": "/Users/jmedina/turing/3module/deadstock/src/components/user components/UserPost/UserPost.js",
    "statementMap": {
      "0": {
        "start": {
          "line": 5,
          "column": 17
        },
        "end": {
          "line": 111,
          "column": 1
        }
      },
      "1": {
        "start": {
          "line": 20,
          "column": 26
        },
        "end": {
          "line": 20,
          "column": 40
        }
      },
      "2": {
        "start": {
          "line": 21,
          "column": 24
        },
        "end": {
          "line": 21,
          "column": 36
        }
      },
      "3": {
        "start": {
          "line": 22,
          "column": 26
        },
        "end": {
          "line": 34,
          "column": 4
        }
      },
      "4": {
        "start": {
          "line": 36,
          "column": 22
        },
        "end": {
          "line": 40,
          "column": 3
        }
      },
      "5": {
        "start": {
          "line": 37,
          "column": 4
        },
        "end": {
          "line": 37,
          "column": 23
        }
      },
      "6": {
        "start": {
          "line": 38,
          "column": 4
        },
        "end": {
          "line": 38,
          "column": 25
        }
      },
      "7": {
        "start": {
          "line": 39,
          "column": 4
        },
        "end": {
          "line": 39,
          "column": 19
        }
      },
      "8": {
        "start": {
          "line": 42,
          "column": 23
        },
        "end": {
          "line": 50,
          "column": 3
        }
      },
      "9": {
        "start": {
          "line": 43,
          "column": 28
        },
        "end": {
          "line": 43,
          "column": 36
        }
      },
      "10": {
        "start": {
          "line": 45,
          "column": 4
        },
        "end": {
          "line": 48,
          "column": 7
        }
      },
      "11": {
        "start": {
          "line": 51,
          "column": 15
        },
        "end": {
          "line": 56,
          "column": 3
        }
      },
      "12": {
        "start": {
          "line": 52,
          "column": 4
        },
        "end": {
          "line": 52,
          "column": 23
        }
      },
      "13": {
        "start": {
          "line": 53,
          "column": 4
        },
        "end": {
          "line": 53,
          "column": 17
        }
      },
      "14": {
        "start": {
          "line": 54,
          "column": 4
        },
        "end": {
          "line": 54,
          "column": 18
        }
      },
      "15": {
        "start": {
          "line": 55,
          "column": 4
        },
        "end": {
          "line": 55,
          "column": 21
        }
      },
      "16": {
        "start": {
          "line": 58,
          "column": 17
        },
        "end": {
          "line": 66,
          "column": 3
        }
      },
      "17": {
        "start": {
          "line": 68,
          "column": 2
        },
        "end": {
          "line": 110,
          "column": 4
        }
      },
      "18": {
        "start": {
          "line": 85,
          "column": 27
        },
        "end": {
          "line": 85,
          "column": 42
        }
      },
      "19": {
        "start": {
          "line": 95,
          "column": 27
        },
        "end": {
          "line": 95,
          "column": 42
        }
      },
      "20": {
        "start": {
          "line": 104,
          "column": 26
        },
        "end": {
          "line": 104,
          "column": 39
        }
      },
      "21": {
        "start": {
          "line": 115,
          "column": 0
        },
        "end": {
          "line": 128,
          "column": 13
        }
      }
    },
    "fnMap": {
      "0": {
        "name": "(anonymous_0)",
        "decl": {
          "start": {
            "line": 5,
            "column": 17
          },
          "end": {
            "line": 5,
            "column": 18
          }
        },
        "loc": {
          "start": {
            "line": 19,
            "column": 6
          },
          "end": {
            "line": 111,
            "column": 1
          }
        },
        "line": 19
      },
      "1": {
        "name": "(anonymous_1)",
        "decl": {
          "start": {
            "line": 36,
            "column": 22
          },
          "end": {
            "line": 36,
            "column": 23
          }
        },
        "loc": {
          "start": {
            "line": 36,
            "column": 29
          },
          "end": {
            "line": 40,
            "column": 3
          }
        },
        "line": 36
      },
      "2": {
        "name": "(anonymous_2)",
        "decl": {
          "start": {
            "line": 42,
            "column": 23
          },
          "end": {
            "line": 42,
            "column": 24
          }
        },
        "loc": {
          "start": {
            "line": 42,
            "column": 30
          },
          "end": {
            "line": 50,
            "column": 3
          }
        },
        "line": 42
      },
      "3": {
        "name": "(anonymous_3)",
        "decl": {
          "start": {
            "line": 51,
            "column": 15
          },
          "end": {
            "line": 51,
            "column": 16
          }
        },
        "loc": {
          "start": {
            "line": 51,
            "column": 22
          },
          "end": {
            "line": 56,
            "column": 3
          }
        },
        "line": 51
      },
      "4": {
        "name": "(anonymous_4)",
        "decl": {
          "start": {
            "line": 85,
            "column": 20
          },
          "end": {
            "line": 85,
            "column": 21
          }
        },
        "loc": {
          "start": {
            "line": 85,
            "column": 27
          },
          "end": {
            "line": 85,
            "column": 42
          }
        },
        "line": 85
      },
      "5": {
        "name": "(anonymous_5)",
        "decl": {
          "start": {
            "line": 95,
            "column": 20
          },
          "end": {
            "line": 95,
            "column": 21
          }
        },
        "loc": {
          "start": {
            "line": 95,
            "column": 27
          },
          "end": {
            "line": 95,
            "column": 42
          }
        },
        "line": 95
      },
      "6": {
        "name": "(anonymous_6)",
        "decl": {
          "start": {
            "line": 104,
            "column": 19
          },
          "end": {
            "line": 104,
            "column": 20
          }
        },
        "loc": {
          "start": {
            "line": 104,
            "column": 26
          },
          "end": {
            "line": 104,
            "column": 39
          }
        },
        "line": 104
      }
    },
    "branchMap": {
      "0": {
        "loc": {
          "start": {
            "line": 58,
            "column": 17
          },
          "end": {
            "line": 66,
            "column": 3
          }
        },
        "type": "cond-expr",
        "locations": [
          {
            "start": {
              "line": 59,
              "column": 4
            },
            "end": {
              "line": 61,
              "column": 13
            }
          },
          {
            "start": {
              "line": 63,
              "column": 4
            },
            "end": {
              "line": 65,
              "column": 13
            }
          }
        ],
        "line": 58
      }
    },
    "s": {
      "0": 2,
      "1": 20,
      "2": 20,
      "3": 20,
      "4": 20,
      "5": 1,
      "6": 1,
      "7": 1,
      "8": 20,
      "9": 4,
      "10": 4,
      "11": 20,
      "12": 1,
      "13": 1,
      "14": 1,
      "15": 1,
      "16": 20,
      "17": 20,
      "18": 1,
      "19": 3,
      "20": 0,
      "21": 2
    },
    "f": {
      "0": 20,
      "1": 1,
      "2": 4,
      "3": 1,
      "4": 1,
      "5": 3,
      "6": 0
    },
    "b": {
      "0": [
        10,
        10
      ]
    },
    "_coverageSchema": "1a1c01bbd47fc00a2c39e90264f33305004495a9",
    "hash": "d14b71fb78d4f9af1a9d29966eb03c0d5085a626"
  },
  "/Users/jmedina/turing/3module/deadstock/src/components/Error/Error.js": {
    "path": "/Users/jmedina/turing/3module/deadstock/src/components/Error/Error.js",
    "statementMap": {
      "0": {
        "start": {
          "line": 5,
          "column": 14
        },
        "end": {
          "line": 15,
          "column": 1
        }
      },
      "1": {
        "start": {
          "line": 6,
          "column": 2
        },
        "end": {
          "line": 14,
          "column": 4
        }
      }
    },
    "fnMap": {
      "0": {
        "name": "(anonymous_0)",
        "decl": {
          "start": {
            "line": 5,
            "column": 14
          },
          "end": {
            "line": 5,
            "column": 15
          }
        },
        "loc": {
          "start": {
            "line": 5,
            "column": 20
          },
          "end": {
            "line": 15,
            "column": 1
          }
        },
        "line": 5
      }
    },
    "branchMap": {},
    "s": {
      "0": 2,
      "1": 2
    },
    "f": {
      "0": 2
    },
    "b": {},
    "_coverageSchema": "1a1c01bbd47fc00a2c39e90264f33305004495a9",
    "hash": "f8ad2a651e1ea4db3c8bfa6f83ae6738a78d2fac"
  },
  "/Users/jmedina/turing/3module/deadstock/src/components/user components/UserCloset/UserCloset.js": {
    "path": "/Users/jmedina/turing/3module/deadstock/src/components/user components/UserCloset/UserCloset.js",
    "statementMap": {
      "0": {
        "start": {
          "line": 9,
          "column": 19
        },
        "end": {
          "line": 41,
          "column": 1
        }
      },
      "1": {
        "start": {
          "line": 10,
          "column": 24
        },
        "end": {
          "line": 29,
          "column": 14
        }
      },
      "2": {
        "start": {
          "line": 12,
          "column": 6
        },
        "end": {
          "line": 27,
          "column": 8
        }
      },
      "3": {
        "start": {
          "line": 30,
          "column": 2
        },
        "end": {
          "line": 40,
          "column": 4
        }
      },
      "4": {
        "start": {
          "line": 45,
          "column": 0
        },
        "end": {
          "line": 60,
          "column": 2
        }
      }
    },
    "fnMap": {
      "0": {
        "name": "(anonymous_0)",
        "decl": {
          "start": {
            "line": 9,
            "column": 19
          },
          "end": {
            "line": 9,
            "column": 20
          }
        },
        "loc": {
          "start": {
            "line": 9,
            "column": 55
          },
          "end": {
            "line": 41,
            "column": 1
          }
        },
        "line": 9
      },
      "1": {
        "name": "(anonymous_1)",
        "decl": {
          "start": {
            "line": 11,
            "column": 10
          },
          "end": {
            "line": 11,
            "column": 11
          }
        },
        "loc": {
          "start": {
            "line": 12,
            "column": 6
          },
          "end": {
            "line": 27,
            "column": 8
          }
        },
        "line": 12
      }
    },
    "branchMap": {
      "0": {
        "loc": {
          "start": {
            "line": 30,
            "column": 9
          },
          "end": {
            "line": 40,
            "column": 3
          }
        },
        "type": "cond-expr",
        "locations": [
          {
            "start": {
              "line": 31,
              "column": 4
            },
            "end": {
              "line": 31,
              "column": 13
            }
          },
          {
            "start": {
              "line": 33,
              "column": 4
            },
            "end": {
              "line": 39,
              "column": 10
            }
          }
        ],
        "line": 30
      },
      "1": {
        "loc": {
          "start": {
            "line": 37,
            "column": 7
          },
          "end": {
            "line": 37,
            "column": 73
          }
        },
        "type": "binary-expr",
        "locations": [
          {
            "start": {
              "line": 37,
              "column": 7
            },
            "end": {
              "line": 37,
              "column": 21
            }
          },
          {
            "start": {
              "line": 37,
              "column": 25
            },
            "end": {
              "line": 37,
              "column": 73
            }
          }
        ],
        "line": 37
      }
    },
    "s": {
      "0": 2,
      "1": 6,
      "2": 8,
      "3": 6,
      "4": 2
    },
    "f": {
      "0": 6,
      "1": 8
    },
    "b": {
      "0": [
        2,
        4
      ],
      "1": [
        4,
        0
      ]
    },
    "_coverageSchema": "1a1c01bbd47fc00a2c39e90264f33305004495a9",
    "hash": "70578b0af910dbf863a265193fbd7529d262060f"
  },
  "/Users/jmedina/turing/3module/deadstock/src/components/user components/Login/Login.js": {
    "path": "/Users/jmedina/turing/3module/deadstock/src/components/user components/Login/Login.js",
    "statementMap": {
      "0": {
        "start": {
          "line": 6,
          "column": 14
        },
        "end": {
          "line": 45,
          "column": 1
        }
      },
      "1": {
        "start": {
          "line": 7,
          "column": 34
        },
        "end": {
          "line": 7,
          "column": 44
        }
      },
      "2": {
        "start": {
          "line": 8,
          "column": 34
        },
        "end": {
          "line": 8,
          "column": 44
        }
      },
      "3": {
        "start": {
          "line": 10,
          "column": 2
        },
        "end": {
          "line": 44,
          "column": 4
        }
      },
      "4": {
        "start": {
          "line": 18,
          "column": 25
        },
        "end": {
          "line": 18,
          "column": 52
        }
      },
      "5": {
        "start": {
          "line": 27,
          "column": 25
        },
        "end": {
          "line": 27,
          "column": 52
        }
      },
      "6": {
        "start": {
          "line": 33,
          "column": 25
        },
        "end": {
          "line": 33,
          "column": 50
        }
      },
      "7": {
        "start": {
          "line": 49,
          "column": 0
        },
        "end": {
          "line": 51,
          "column": 2
        }
      }
    },
    "fnMap": {
      "0": {
        "name": "(anonymous_0)",
        "decl": {
          "start": {
            "line": 6,
            "column": 14
          },
          "end": {
            "line": 6,
            "column": 15
          }
        },
        "loc": {
          "start": {
            "line": 6,
            "column": 29
          },
          "end": {
            "line": 45,
            "column": 1
          }
        },
        "line": 6
      },
      "1": {
        "name": "(anonymous_1)",
        "decl": {
          "start": {
            "line": 18,
            "column": 18
          },
          "end": {
            "line": 18,
            "column": 19
          }
        },
        "loc": {
          "start": {
            "line": 18,
            "column": 25
          },
          "end": {
            "line": 18,
            "column": 52
          }
        },
        "line": 18
      },
      "2": {
[...]
        "end": {
          "line": 41,
          "column": 52
        }
      },
      "17": {
        "start": {
          "line": 41,
          "column": 30
        },
        "end": {
          "line": 41,
          "column": 52
        }
      },
      "18": {
        "start": {
          "line": 42,
          "column": 6
        },
        "end": {
          "line": 42,
          "column": 17
        }
      },
      "19": {
        "start": {
          "line": 44,
          "column": 37
        },
        "end": {
          "line": 44,
          "column": 66
        }
      },
      "20": {
        "start": {
          "line": 45,
          "column": 4
        },
        "end": {
          "line": 45,
          "column": 62
        }
      },
      "21": {
        "start": {
          "line": 49,
          "column": 16
        },
        "end": {
          "line": 51,
          "column": 3
        }
      },
      "22": {
        "start": {
          "line": 50,
          "column": 4
        },
        "end": {
          "line": 50,
          "column": 66
        }
      },
      "23": {
        "start": {
          "line": 50,
          "column": 49
        },
        "end": {
          "line": 50,
          "column": 64
        }
      },
      "24": {
        "start": {
          "line": 53,
          "column": 18
        },
        "end": {
          "line": 59,
          "column": 3
        }
      },
      "25": {
        "start": {
          "line": 54,
          "column": 4
        },
        "end": {
          "line": 54,
          "column": 57
        }
      },
      "26": {
        "start": {
          "line": 54,
          "column": 37
        },
        "end": {
          "line": 54,
          "column": 55
        }
      },
      "27": {
        "start": {
          "line": 55,
          "column": 4
        },
        "end": {
          "line": 58,
          "column": 7
        }
      },
      "28": {
        "start": {
          "line": 61,
          "column": 21
        },
        "end": {
          "line": 63,
          "column": 3
        }
      },
      "29": {
        "start": {
          "line": 62,
          "column": 4
        },
        "end": {
          "line": 62,
          "column": 53
        }
      },
      "30": {
        "start": {
          "line": 62,
          "column": 33
        },
        "end": {
          "line": 62,
          "column": 51
        }
      },
      "31": {
        "start": {
          "line": 65,
          "column": 21
        },
        "end": {
          "line": 72,
          "column": 3
        }
      },
      "32": {
        "start": {
          "line": 66,
          "column": 4
        },
        "end": {
          "line": 66,
          "column": 63
        }
      },
      "33": {
        "start": {
          "line": 66,
          "column": 43
        },
        "end": {
          "line": 66,
          "column": 61
        }
      },
      "34": {
        "start": {
          "line": 67,
          "column": 26
        },
        "end": {
          "line": 70,
          "column": 5
        }
      },
      "35": {
        "start": {
          "line": 69,
          "column": 13
        },
        "end": {
          "line": 69,
          "column": 40
        }
      },
      "36": {
        "start": {
          "line": 71,
          "column": 4
        },
        "end": {
          "line": 71,
          "column": 52
        }
      },
      "37": {
        "start": {
          "line": 74,
          "column": 19
        },
        "end": {
          "line": 78,
          "column": 3
        }
      },
      "38": {
        "start": {
          "line": 80,
          "column": 2
        },
        "end": {
          "line": 114,
          "column": 4
        }
      },
      "39": {
        "start": {
          "line": 94,
          "column": 12
        },
        "end": {
          "line": 98,
          "column": 14
        }
      },
      "40": {
        "start": {
          "line": 101,
          "column": 49
        },
        "end": {
          "line": 101,
          "column": 72
        }
      },
      "41": {
        "start": {
          "line": 105,
          "column": 24
        },
        "end": {
          "line": 105,
          "column": 68
        }
      },
      "42": {
        "start": {
          "line": 107,
          "column": 47
        },
        "end": {
          "line": 107,
          "column": 75
        }
      },
      "43": {
        "start": {
          "line": 108,
          "column": 57
        },
        "end": {
          "line": 108,
          "column": 73
        }
      },
      "44": {
        "start": {
          "line": 109,
          "column": 44
        },
        "end": {
          "line": 109,
          "column": 52
        }
      },
      "45": {
        "start": {
          "line": 110,
          "column": 38
        },
        "end": {
          "line": 110,
          "column": 47
        }
      }
    },
    "fnMap": {
      "0": {
        "name": "(anonymous_0)",
        "decl": {
          "start": {
            "line": 22,
            "column": 12
          },
          "end": {
            "line": 22,
            "column": 13
          }
        },
        "loc": {
          "start": {
            "line": 22,
            "column": 18
          },
          "end": {
            "line": 115,
            "column": 1
          }
        },
        "line": 22
      },
      "1": {
        "name": "(anonymous_1)",
        "decl": {
          "start": {
            "line": 27,
            "column": 12
          },
          "end": {
            "line": 27,
            "column": 13
          }
        },
        "loc": {
          "start": {
            "line": 27,
            "column": 18
          },
          "end": {
            "line": 29,
            "column": 3
          }
        },
        "line": 27
      },
      "2": {
        "name": "(anonymous_2)",
        "decl": {
          "start": {
            "line": 28,
            "column": 32
          },
          "end": {
            "line": 28,
            "column": 33
          }
        },
        "loc": {
          "start": {
            "line": 28,
            "column": 42
          },
          "end": {
            "line": 28,
            "column": 60
          }
        },
        "line": 28
      },
      "3": {
        "name": "(anonymous_3)",
        "decl": {
          "start": {
            "line": 31,
            "column": 23
          },
          "end": {
            "line": 31,
            "column": 24
          }
        },
        "loc": {
          "start": {
            "line": 31,
            "column": 34
          },
          "end": {
            "line": 46,
            "column": 3
          }
        },
        "line": 31
      },
      "4": {
        "name": "(anonymous_4)",
        "decl": {
          "start": {
            "line": 33,
            "column": 45
          },
          "end": {
            "line": 33,
            "column": 46
          }
        },
        "loc": {
          "start": {
            "line": 33,
            "column": 60
          },
          "end": {
            "line": 43,
            "column": 5
          }
        },
        "line": 33
      },
      "5": {
        "name": "(anonymous_5)",
        "decl": {
          "start": {
            "line": 49,
            "column": 16
          },
          "end": {
            "line": 49,
            "column": 17
          }
        },
        "loc": {
          "start": {
            "line": 49,
            "column": 40
          },
          "end": {
            "line": 51,
            "column": 3
          }
        },
        "line": 49
      },
      "6": {
        "name": "(anonymous_6)",
        "decl": {
          "start": {
            "line": 50,
            "column": 39
          },
          "end": {
            "line": 50,
            "column": 40
          }
        },
        "loc": {
          "start": {
            "line": 50,
            "column": 49
          },
          "end": {
            "line": 50,
            "column": 64
          }
        },
        "line": 50
      },
      "7": {
        "name": "(anonymous_7)",
        "decl": {
          "start": {
            "line": 53,
            "column": 18
          },
          "end": {
            "line": 53,
            "column": 19
          }
        },
        "loc": {
          "start": {
            "line": 53,
            "column": 31
          },
          "end": {
            "line": 59,
            "column": 3
          }
        },
        "line": 53
      },
      "8": {
        "name": "(anonymous_8)",
        "decl": {
          "start": {
            "line": 54,
            "column": 27
          },
          "end": {
            "line": 54,
            "column": 28
          }
        },
        "loc": {
          "start": {
            "line": 54,
            "column": 37
          },
          "end": {
            "line": 54,
            "column": 55
          }
        },
        "line": 54
      },
      "9": {
        "name": "(anonymous_9)",
        "decl": {
          "start": {
            "line": 61,
            "column": 21
          },
          "end": {
            "line": 61,
            "column": 22
          }
        },
        "loc": {
          "start": {
            "line": 61,
            "column": 31
          },
          "end": {
            "line": 63,
            "column": 3
          }
        },
        "line": 61
      },
      "10": {
        "name": "(anonymous_10)",
        "decl": {
          "start": {
            "line": 62,
            "column": 23
          },
          "end": {
            "line": 62,
            "column": 24
          }
        },
        "loc": {
          "start": {
            "line": 62,
            "column": 33
          },
          "end": {
            "line": 62,
            "column": 51
          }
        },
        "line": 62
      },
      "11": {
        "name": "(anonymous_11)",
        "decl": {
          "start": {
            "line": 65,
            "column": 21
          },
          "end": {
            "line": 65,
            "column": 22
          }
        },
        "loc": {
          "start": {
            "line": 65,
            "column": 28
          },
          "end": {
            "line": 72,
            "column": 3
          }
        },
        "line": 65
      },
      "12": {
        "name": "(anonymous_12)",
        "decl": {
          "start": {
            "line": 66,
            "column": 33
          },
          "end": {
            "line": 66,
            "column": 34
          }
        },
        "loc": {
          "start": {
            "line": 66,
            "column": 43
          },
          "end": {
            "line": 66,
            "column": 61
          }
        },
        "line": 66
      },
      "13": {
        "name": "(anonymous_13)",
        "decl": {
          "start": {
            "line": 69,
            "column": 6
          },
          "end": {
            "line": 69,
            "column": 7
          }
        },
        "loc": {
          "start": {
            "line": 69,
            "column": 13
          },
          "end": {
            "line": 69,
            "column": 40
          }
        },
        "line": 69
      },
      "14": {
        "name": "(anonymous_14)",
        "decl": {
          "start": {
            "line": 93,
            "column": 18
          },
          "end": {
            "line": 93,
            "column": 19
          }
        },
        "loc": {
          "start": {
            "line": 94,
            "column": 12
          },
          "end": {
            "line": 98,
            "column": 14
          }
        },
        "line": 94
      },
      "15": {
        "name": "(anonymous_15)",
        "decl": {
          "start": {
            "line": 101,
            "column": 43
          },
          "end": {
            "line": 101,
            "column": 44
          }
        },
        "loc": {
          "start": {
            "line": 101,
            "column": 49
          },
          "end": {
            "line": 101,
            "column": 72
          }
        },
        "line": 101
      },
      "16": {
        "name": "(anonymous_16)",
        "decl": {
          "start": {
            "line": 105,
            "column": 18
          },
          "end": {
            "line": 105,
            "column": 19
          }
        },
        "loc": {
          "start": {
            "line": 105,
            "column": 24
          },
          "end": {
            "line": 105,
            "column": 68
          }
        },
        "line": 105
      },
      "17": {
        "name": "(anonymous_17)",
        "decl": {
          "start": {
            "line": 107,
            "column": 41
          },
          "end": {
            "line": 107,
            "column": 42
          }
        },
        "loc": {
          "start": {
            "line": 107,
            "column": 47
          },
          "end": {
            "line": 107,
            "column": 75
          }
        },
        "line": 107
      },
      "18": {
        "name": "(anonymous_18)",
        "decl": {
          "start": {
            "line": 108,
            "column": 51
          },
          "end": {
            "line": 108,
            "column": 52
          }
        },
        "loc": {
          "start": {
            "line": 108,
            "column": 57
          },
          "end": {
            "line": 108,
            "column": 73
          }
        },
        "line": 108
      },
      "19": {
        "name": "(anonymous_19)",
        "decl": {
          "start": {
            "line": 109,
            "column": 38
          },
          "end": {
            "line": 109,
            "column": 39
          }
        },
        "loc": {
          "start": {
            "line": 109,
            "column": 44
          },
          "end": {
            "line": 109,
            "column": 52
          }
        },
        "line": 109
      },
      "20": {
        "name": "(anonymous_20)",
        "decl": {
          "start": {
            "line": 110,
            "column": 32
          },
          "end": {
            "line": 110,
            "column": 33
          }
        },
        "loc": {
          "start": {
            "line": 110,
            "column": 38
          },
          "end": {
            "line": 110,
            "column": 47
          }
        },
        "line": 110
      }
    },
    "branchMap": {
      "0": {
        "loc": {
          "start": {
            "line": 40,
            "column": 8
          },
          "end": {
            "line": 40,
            "column": 67
          }
        },
        "type": "binary-expr",
        "locations": [
          {
            "start": {
              "line": 40,
              "column": 8
            },
            "end": {
              "line": 40,
              "column": 20
            }
          },
          {
            "start": {
              "line": 40,
              "column": 24
            },
            "end": {
              "line": 40,
              "column": 36
            }
          },
          {
            "start": {
              "line": 40,
              "column": 40
            },
            "end": {
              "line": 40,
              "column": 52
            }
          },
          {
            "start": {
              "line": 40,
              "column": 56
            },
            "end": {
              "line": 40,
              "column": 67
            }
          }
        ],
        "line": 40
      },
      "1": {
        "loc": {
          "start": {
            "line": 41,
            "column": 6
          },
          "end": {
            "line": 41,
            "column": 52
          }
        },
        "type": "if",
        "locations": [
          {
            "start": {
              "line": 41,
              "column": 6
            },
            "end": {
              "line": 41,
              "column": 52
            }
          },
          {
            "start": {
              "line": 41,
              "column": 6
            },
            "end": {
              "line": 41,
              "column": 52
            }
          }
        ],
        "line": 41
      },
      "2": {
        "loc": {
          "start": {
            "line": 45,
            "column": 4
          },
          "end": {
            "line": 45,
            "column": 61
          }
        },
        "type": "cond-expr",
        "locations": [
          {
            "start": {
              "line": 45,
              "column": 12
            },
            "end": {
              "line": 45,
              "column": 47
            }
          },
          {
            "start": {
              "line": 45,
              "column": 50
            },
            "end": {
              "line": 45,
              "column": 61
            }
          }
        ],
        "line": 45
      },
      "3": {
        "loc": {
          "start": {
            "line": 74,
            "column": 19
          },
          "end": {
            "line": 78,
            "column": 3
          }
        },
        "type": "cond-expr",
        "locations": [
          {
            "start": {
              "line": 75,
              "column": 4
            },
            "end": {
              "line": 75,
              "column": 36
            }
          },
          {
            "start": {
              "line": 77,
              "column": 4
            },
            "end": {
              "line": 77,
              "column": 34
            }
          }
        ],
        "line": 74
      }
    },
    "s": {
      "0": 2,
      "1": 14,
      "2": 14,
      "3": 14,
      "4": 14,
      "5": 4,
      "6": 2,
      "7": 14,
      "8": 1,
      "9": 1,
      "10": 5,
      "11": 5,
      "12": 5,
      "13": 5,
      "14": 5,
      "15": 5,
      "16": 5,
      "17": 5,
      "18": 0,
      "19": 1,
      "20": 1,
      "21": 14,
      "22": 1,
      "23": 1,
      "24": 14,
      "25": 0,
      "26": 0,
      "27": 0,
      "28": 14,
      "29": 1,
      "30": 1,
      "31": 14,
      "32": 0,
      "33": 0,
      "34": 0,
      "35": 0,
      "36": 0,
      "37": 14,
      "38": 14,
      "39": 3,
      "40": 1,
      "41": 0,
      "42": 0,
      "43": 0,
      "44": 4,
      "45": 0
    },
    "f": {
      "0": 14,
      "1": 4,
      "2": 2,
      "3": 1,
      "4": 5,
      "5": 1,
      "6": 1,
      "7": 0,
      "8": 0,
      "9": 1,
      "10": 1,
      "11": 0,
      "12": 0,
      "13": 0,
      "14": 3,
      "15": 1,
      "16": 0,
      "17": 0,
      "18": 0,
      "19": 4,
      "20": 0
    },
    "b": {
      "0": [
        5,
        0,
        0,
        0
      ],
      "1": [
        5,
        0
      ],
      "2": [
        0,
        1
      ],
      "3": [
        0,
        14
      ]
    },
    "_coverageSchema": "1a1c01bbd47fc00a2c39e90264f33305004495a9",
    "hash": "1b772955ce5ccf51e3371c3684b07b231b0e726f"
  },
  "/Users/jmedina/turing/3module/deadstock/src/index.js": {
    "path": "/Users/jmedina/turing/3module/deadstock/src/index.js",
    "statementMap": {
      "0": {
        "start": {
          "line": 7,
          "column": 13
        },
        "end": {
          "line": 7,
          "column": 65
        }
      },
      "1": {
        "start": {
          "line": 8,
          "column": 0
        },
        "end": {
          "line": 14,
          "column": 2
        }
      }
    },
    "fnMap": {},
    "branchMap": {},
    "s": {
      "0": 2,
      "1": 2
    },
    "f": {},
    "b": {},
    "_coverageSchema": "1a1c01bbd47fc00a2c39e90264f33305004495a9",
    "hash": "ef9845c861279a049fbd37978036f0390a8e879c"
  }
}